"../../../../../../yhikishima/work/UnrealEngine/Unreal-Engine/13.AshiyuRoguelike/Roguelike/Content/Textures/Logo.uasset" 0
"../../../Engine/Content/EditorBlueprintResources/StandardMacros.uasset" 1
"../../../Engine/Content/BasicShapes/BasicShapeMaterial.uasset" 2
"../../../Engine/Content/Functions/Engine_MaterialFunctions01/Opacity/CameraDepthFade.uasset" 3
"../../../Engine/Content/EngineMaterials/T_Default_Material_Grid_M.uasset" 4
"../../../Engine/Content/EngineMaterials/T_Default_Material_Grid_N.uasset" 5
"../../../Engine/Content/EngineMaterials/WorldGridMaterial.uasset" 6
"../../../Engine/Content/BasicShapes/Plane.uasset" 7
"../../../../../../yhikishima/work/UnrealEngine/Unreal-Engine/13.AshiyuRoguelike/Roguelike/Content/BluePrints/BP_Floorhit.uasset" 8
"../../../../../../yhikishima/work/UnrealEngine/Unreal-Engine/13.AshiyuRoguelike/Roguelike/Content/Wbp/WBP_GameOver.uasset" 9
"../../../../../../yhikishima/work/UnrealEngine/Unreal-Engine/13.AshiyuRoguelike/Roguelike/Content/AnimalVarietyPack/Pig/Meshes/SK_Pig_Skeleton.uasset" 10
"../../../../../../yhikishima/work/UnrealEngine/Unreal-Engine/13.AshiyuRoguelike/Roguelike/Content/AnimalVarietyPack/Pig/Animations/ANIM_Pig_WalkTurnR_RM.uasset" 11
"../../../../../../yhikishima/work/UnrealEngine/Unreal-Engine/13.AshiyuRoguelike/Roguelike/Content/AnimalVarietyPack/Pig/Animations/ANIM_Pig_GoBackUp.uasset" 12
"../../../../../../yhikishima/work/UnrealEngine/Unreal-Engine/13.AshiyuRoguelike/Roguelike/Content/AnimalVarietyPack/Pig/Animations/ANIM_Pig_WalkTurnL.uasset" 13
"../../../../../../yhikishima/work/UnrealEngine/Unreal-Engine/13.AshiyuRoguelike/Roguelike/Content/AnimalVarietyPack/Pig/Animations/ANIM_Pig_Rest.uasset" 14
"../../../../../../yhikishima/work/UnrealEngine/Unreal-Engine/13.AshiyuRoguelike/Roguelike/Content/AnimalVarietyPack/Pig/Animations/ANIM_Pig_WalkTurnL_RM.uasset" 15
"../../../../../../yhikishima/work/UnrealEngine/Unreal-Engine/13.AshiyuRoguelike/Roguelike/Content/AnimalVarietyPack/Pig/Animations/ANIM_Pig_RunTurnR.uasset" 16
"../../../../../../yhikishima/work/UnrealEngine/Unreal-Engine/13.AshiyuRoguelike/Roguelike/Content/AnimalVarietyPack/Pig/Animations/ANIM_Pig_GoToRest.uasset" 17
"../../../../../../yhikishima/work/UnrealEngine/Unreal-Engine/13.AshiyuRoguelike/Roguelike/Content/AnimalVarietyPack/Pig/Animations/ANIM_Pig_RunTurnL.uasset" 18
"../../../../../../yhikishima/work/UnrealEngine/Unreal-Engine/13.AshiyuRoguelike/Roguelike/Content/AnimalVarietyPack/Pig/Animations/ANIM_Pig_WalkTurnR.uasset" 19
"../../../../../../yhikishima/work/UnrealEngine/Unreal-Engine/13.AshiyuRoguelike/Roguelike/Content/AnimalVarietyPack/Pig/Animations/ANIM_Pig_RunTurnL_RM.uasset" 20
"../../../../../../yhikishima/work/UnrealEngine/Unreal-Engine/13.AshiyuRoguelike/Roguelike/Content/AnimalVarietyPack/Pig/Animations/ANIM_Pig_JumpAttack.uasset" 21
"../../../../../../yhikishima/work/UnrealEngine/Unreal-Engine/13.AshiyuRoguelike/Roguelike/Content/AnimalVarietyPack/Pig/Animations/ANIM_Pig_JumpAttack_RM.uasset" 22
"../../../../../../yhikishima/work/UnrealEngine/Unreal-Engine/13.AshiyuRoguelike/Roguelike/Content/AnimalVarietyPack/Pig/Animations/ANIM_Pig_RunTurnR_RM.uasset" 23
"../../../../../../yhikishima/work/UnrealEngine/Unreal-Engine/13.AshiyuRoguelike/Roguelike/Content/AnimalVarietyPack/Fox/Meshes/SK_Fox_Skeleton.uasset" 24
"../../../../../../yhikishima/work/UnrealEngine/Unreal-Engine/13.AshiyuRoguelike/Roguelike/Content/AnimalVarietyPack/Fox/Animations/ANIM_Fox_RestToGoBackUp.uasset" 25
"../../../../../../yhikishima/work/UnrealEngine/Unreal-Engine/13.AshiyuRoguelike/Roguelike/Content/AnimalVarietyPack/Fox/Animations/ANIM_Fox_WalkTurnL_RM.uasset" 26
"../../../../../../yhikishima/work/UnrealEngine/Unreal-Engine/13.AshiyuRoguelike/Roguelike/Content/AnimalVarietyPack/Fox/Animations/ANIM_Fox_RunTurnR_RM.uasset" 27
"../../../../../../yhikishima/work/UnrealEngine/Unreal-Engine/13.AshiyuRoguelike/Roguelike/Content/AnimalVarietyPack/Fox/Animations/ANIM_Fox_Resting.uasset" 28
"../../../../../../yhikishima/work/UnrealEngine/Unreal-Engine/13.AshiyuRoguelike/Roguelike/Content/AnimalVarietyPack/Fox/Animations/ANIM_Fox_Sleeping.uasset" 29
"../../../../../../yhikishima/work/UnrealEngine/Unreal-Engine/13.AshiyuRoguelike/Roguelike/Content/AnimalVarietyPack/Fox/Animations/ANIM_Fox_WalkTurnR_RM.uasset" 30
"../../../../../../yhikishima/work/UnrealEngine/Unreal-Engine/13.AshiyuRoguelike/Roguelike/Content/AnimalVarietyPack/Fox/Animations/ANIM_Fox_RunTurnL_RM.uasset" 31
"../../../../../../yhikishima/work/UnrealEngine/Unreal-Engine/13.AshiyuRoguelike/Roguelike/Content/AnimalVarietyPack/Fox/Animations/ANIM_Fox_RunTurnR.uasset" 32
"../../../../../../yhikishima/work/UnrealEngine/Unreal-Engine/13.AshiyuRoguelike/Roguelike/Content/AnimalVarietyPack/Fox/Animations/ANIM_Fox_WalkTurnL.uasset" 33
"../../../../../../yhikishima/work/UnrealEngine/Unreal-Engine/13.AshiyuRoguelike/Roguelike/Content/AnimalVarietyPack/Fox/Animations/ANIM_Fox_GoToRest.uasset" 34
"../../../../../../yhikishima/work/UnrealEngine/Unreal-Engine/13.AshiyuRoguelike/Roguelike/Content/AnimalVarietyPack/Fox/Animations/ANIM_Fox_RunTurnL.uasset" 35
"../../../../../../yhikishima/work/UnrealEngine/Unreal-Engine/13.AshiyuRoguelike/Roguelike/Content/AnimalVarietyPack/Fox/Animations/ANIM_Fox_WalkTurnR.uasset" 36
"../../../../../../yhikishima/work/UnrealEngine/Unreal-Engine/13.AshiyuRoguelike/Roguelike/Content/AnimalVarietyPack/Wolf/Meshes/SK_Wolf_Skeleton.uasset" 37
"../../../../../../yhikishima/work/UnrealEngine/Unreal-Engine/13.AshiyuRoguelike/Roguelike/Content/AnimalVarietyPack/Wolf/Animations/ANIM_Wolf_WalkTurnL.uasset" 38
"../../../../../../yhikishima/work/UnrealEngine/Unreal-Engine/13.AshiyuRoguelike/Roguelike/Content/AnimalVarietyPack/Wolf/Animations/ANIM_Wolf_RestToGoBackUp.uasset" 39
"../../../../../../yhikishima/work/UnrealEngine/Unreal-Engine/13.AshiyuRoguelike/Roguelike/Content/AnimalVarietyPack/Wolf/Animations/ANIM_Wolf_WalkTurnR.uasset" 40
"../../../../../../yhikishima/work/UnrealEngine/Unreal-Engine/13.AshiyuRoguelike/Roguelike/Content/AnimalVarietyPack/Wolf/Animations/ANIM_Wolf_Sleep.uasset" 41
"../../../../../../yhikishima/work/UnrealEngine/Unreal-Engine/13.AshiyuRoguelike/Roguelike/Content/AnimalVarietyPack/Wolf/Animations/ANIM_Wolf_Rest.uasset" 42
"../../../../../../yhikishima/work/UnrealEngine/Unreal-Engine/13.AshiyuRoguelike/Roguelike/Content/AnimalVarietyPack/Wolf/Animations/ANIM_Wolf_GoToRest.uasset" 43
"../../../../../../yhikishima/work/UnrealEngine/Unreal-Engine/13.AshiyuRoguelike/Roguelike/Content/AnimalVarietyPack/Wolf/Animations/ANIM_Wolf_RunTurnL.uasset" 44
"../../../../../../yhikishima/work/UnrealEngine/Unreal-Engine/13.AshiyuRoguelike/Roguelike/Content/AnimalVarietyPack/Wolf/Animations/ANIM_Wolf_WalkTurnL_RM.uasset" 45
"../../../../../../yhikishima/work/UnrealEngine/Unreal-Engine/13.AshiyuRoguelike/Roguelike/Content/AnimalVarietyPack/Wolf/Animations/ANIM_Wolf_RunTurnL_RM.uasset" 46
"../../../../../../yhikishima/work/UnrealEngine/Unreal-Engine/13.AshiyuRoguelike/Roguelike/Content/AnimalVarietyPack/Wolf/Animations/ANIM_Wolf_RunTurnR.uasset" 47
"../../../../../../yhikishima/work/UnrealEngine/Unreal-Engine/13.AshiyuRoguelike/Roguelike/Content/AnimalVarietyPack/Wolf/Animations/ANIM_Wolf_RunTurnR_RM.uasset" 48
"../../../../../../yhikishima/work/UnrealEngine/Unreal-Engine/13.AshiyuRoguelike/Roguelike/Content/AnimalVarietyPack/Wolf/Animations/ANIM_Wolf_WalkTurnR_RM.uasset" 49
"../../../../../../yhikishima/work/UnrealEngine/Unreal-Engine/13.AshiyuRoguelike/Roguelike/Content/AnimalVarietyPack/DeerStagAndDoe/Meshes/SK_DeerStag_Skeleton.uasset" 50
"../../../../../../yhikishima/work/UnrealEngine/Unreal-Engine/13.AshiyuRoguelike/Roguelike/Content/AnimalVarietyPack/DeerStagAndDoe/Animations/ANIM_DeerStag_SleepToGoBackUp.uasset" 51
"../../../../../../yhikishima/work/UnrealEngine/Unreal-Engine/13.AshiyuRoguelike/Roguelike/Content/AnimalVarietyPack/DeerStagAndDoe/Animations/ANIM_DeerStag_RestToGoBackUp.uasset" 52
"../../../../../../yhikishima/work/UnrealEngine/Unreal-Engine/13.AshiyuRoguelike/Roguelike/Content/AnimalVarietyPack/DeerStagAndDoe/Animations/ANIM_DeerStag_WalkTurnL.uasset" 53
"../../../../../../yhikishima/work/UnrealEngine/Unreal-Engine/13.AshiyuRoguelike/Roguelike/Content/AnimalVarietyPack/DeerStagAndDoe/Animations/ANIM_DeerStag_IdleGraze.uasset" 54
"../../../../../../yhikishima/work/UnrealEngine/Unreal-Engine/13.AshiyuRoguelike/Roguelike/Content/AnimalVarietyPack/DeerStagAndDoe/Animations/ANIM_DeerStag_GoToRest.uasset" 55
"../../../../../../yhikishima/work/UnrealEngine/Unreal-Engine/13.AshiyuRoguelike/Roguelike/Content/AnimalVarietyPack/DeerStagAndDoe/Animations/ANIM_DeerStag_WalkTurnR.uasset" 56
"../../../../../../yhikishima/work/UnrealEngine/Unreal-Engine/13.AshiyuRoguelike/Roguelike/Content/AnimalVarietyPack/DeerStagAndDoe/Animations/ANIM_DeerStag_Sleep.uasset" 57
"../../../../../../yhikishima/work/UnrealEngine/Unreal-Engine/13.AshiyuRoguelike/Roguelike/Content/AnimalVarietyPack/DeerStagAndDoe/Animations/ANIM_DeerStag_Rest.uasset" 58
"../../../../../../yhikishima/work/UnrealEngine/Unreal-Engine/13.AshiyuRoguelike/Roguelike/Content/AnimalVarietyPack/DeerStagAndDoe/Animations/ANIM_DeerStag_GrazeOnce.uasset" 59
"../../../../../../yhikishima/work/UnrealEngine/Unreal-Engine/13.AshiyuRoguelike/Roguelike/Content/AnimalVarietyPack/DeerStagAndDoe/Animations/ANIM_DeerStag_IdleChew.uasset" 60
"../../../../../../yhikishima/work/UnrealEngine/Unreal-Engine/13.AshiyuRoguelike/Roguelike/Content/AnimalVarietyPack/DeerStagAndDoe/Animations/ANIM_DeerStag_WalkTurnL_RM.uasset" 61
"../../../../../../yhikishima/work/UnrealEngine/Unreal-Engine/13.AshiyuRoguelike/Roguelike/Content/AnimalVarietyPack/DeerStagAndDoe/Animations/ANIM_DeerStag_WalkGraze_RM.uasset" 62
"../../../../../../yhikishima/work/UnrealEngine/Unreal-Engine/13.AshiyuRoguelike/Roguelike/Content/AnimalVarietyPack/DeerStagAndDoe/Animations/ANIM_DeerStag_WalkTurnR_RM.uasset" 63
"../../../../../../yhikishima/work/UnrealEngine/Unreal-Engine/13.AshiyuRoguelike/Roguelike/Content/AnimalVarietyPack/Wolf/Textures/T_Wolf_BaseColorAlpha.uasset" 64
"../../../../../../yhikishima/work/UnrealEngine/Unreal-Engine/13.AshiyuRoguelike/Roguelike/Content/AnimalVarietyPack/Wolf/Textures/T_Wolf_Nml.uasset" 65
"../../../../../../yhikishima/work/UnrealEngine/Unreal-Engine/13.AshiyuRoguelike/Roguelike/Content/AnimalVarietyPack/Wolf/Textures/T_Wolf_OcclusionRoughnessMetallic.uasset" 66
"../../../../../../yhikishima/work/UnrealEngine/Unreal-Engine/13.AshiyuRoguelike/Roguelike/Content/AnimalVarietyPack/Wolf/Textures/T_Wolf_Specular.uasset" 67
"../../../../../../yhikishima/work/UnrealEngine/Unreal-Engine/13.AshiyuRoguelike/Roguelike/Content/AnimalVarietyPack/Wolf/Materials/M_WolfFur.uasset" 68
"../../../../../../yhikishima/work/UnrealEngine/Unreal-Engine/13.AshiyuRoguelike/Roguelike/Content/Meshs/award_Skeleton.uasset" 69
"../../../../../../yhikishima/work/UnrealEngine/Unreal-Engine/13.AshiyuRoguelike/Roguelike/Content/Meshs/skeleton.uasset" 70
"../../../../../../yhikishima/work/UnrealEngine/Unreal-Engine/13.AshiyuRoguelike/Roguelike/Content/Meshs/lambert1.uasset" 71
"../../../Engine/Content/Maps/Templates/Thumbnails/Default.uasset" 72
"../../../Engine/Content/Maps/Templates/Thumbnails/VR-Basic.uasset" 73
"../../../Engine/Content/MobileResources/T_MobileControls_texture.uasset" 74
"../../../Engine/Content/MobileResources/T_MobileMenu2.uasset" 75
"../../../Engine/Content/MobileResources/HUD/MobileHUDDirectionPad3.uasset" 76
"../../../Engine/Content/MobileResources/HUD/MobileHUDButton2_off.uasset" 77
"../../../Engine/Content/MobileResources/HUD/MobileHUDButton3.uasset" 78
"../../../Engine/Content/MobileResources/HUD/T_Castle_ThumbstickInner.uasset" 79
"../../../Engine/Content/MobileResources/HUD/MobileHUDDirectionStick.uasset" 80
"../../../Engine/Content/MobileResources/HUD/VirtualJoystick_Background.uasset" 81
"../../../Engine/Content/MobileResources/HUD/VirtualJoystick_Thumb.uasset" 82
"../../../Engine/Content/MobileResources/HUD/DefaultVirtualJoysticks.uasset" 83
"../../../Engine/Content/MobileResources/HUD/T_Castle_ThumbstickOutter.uasset" 84
"../../../Engine/Content/MobileResources/HUD/MobileHUDButton2_on.uasset" 85
"../../../Engine/Content/MobileResources/HUD/MobileHUDDirectionPad2.uasset" 86
"../../../Engine/Content/MobileResources/HUD/MobileHUDDirectionPad.uasset" 87
"../../../Engine/Content/MobileResources/HUD/AnalogHat.uasset" 88
"../../../Engine/Content/MobileResources/HUD/MobileHUDButton1_on.uasset" 89
"../../../Engine/Content/MobileResources/HUD/MobileHUDButtonFire.uasset" 90
"../../../Engine/Content/MobileResources/HUD/LeftVirtualJoystickOnly.uasset" 91
"../../../Engine/Content/MobileResources/HUD/MobileHUDButton1_off.uasset" 92
"../../../Engine/Content/Tutorial/ContentIntroCurve.uasset" 93
"../../../Engine/Content/Tutorial/Basics/TutorialAssets/icon_tab_Levels_40x.uasset" 94
"../../../Engine/Content/Tutorial/Basics/LevelEditorOverview.uasset" 95
"../../../Engine/Content/Tutorial/Basics/LevelEditorAttract.uasset" 96
"../../../Engine/Content/EngineResources/DefaultTextureCube.uasset" 97
"../../../Engine/Content/EngineResources/DefaultTexture.uasset" 98
"../../../Engine/Content/EngineResources/Black.uasset" 99
"../../../Engine/Content/EngineResources/DefaultVolumeTexture2D.uasset" 100
"../../../Engine/Content/EngineResources/DefaultVolumeTexture.uasset" 101
"../../../Engine/Content/EngineResources/GradientTexture0.uasset" 102
"../../../Engine/Content/EditorLandscapeResources/DataLayer.uasset" 103
"../../../Engine/Content/EditorSounds/Notifications/CompileSuccess.uasset" 104
"../../../Engine/Content/EditorSounds/Notifications/CompileSuccess_Cue.uasset" 105
"../../../Engine/Content/EditorSounds/Notifications/CompileFailed.uasset" 106
"../../../Engine/Content/EditorSounds/Notifications/CompileFailed_Cue.uasset" 107
"../../../Engine/Content/EditorSounds/Notifications/CompileStart_Cue.uasset" 108
"../../../Engine/Content/EditorMaterials/Camera/CineMat.uasset" 109
"../../../Engine/Content/EditorMaterials/Camera/MI_CineMat_Rig.uasset" 110
"../../../Engine/Content/EditorMeshes/Camera/SM_CraneRig_Body.uasset" 111
"../../../Engine/Content/EditorMeshes/Camera/SM_RailRig_Mount.uasset" 112
"../../../Engine/Content/EditorMeshes/Camera/SM_CraneRig_Base.uasset" 113
"../../../Engine/Content/EditorMeshes/Camera/SM_CraneRig_Mount.uasset" 114
"../../../Engine/Content/EditorMeshes/Camera/SM_CraneRig_Arm.uasset" 115
"../../../Engine/Content/EditorMeshes/Camera/SM_RailRig_Track.uasset" 116
"../../../Engine/Content/EngineFonts/Faces/RobotoTiny.uasset" 117
"../../../Engine/Content/EngineFonts/RobotoTiny.uasset" 118
"../../../Engine/Content/EngineFonts/Faces/RobotoBold.uasset" 119
"../../../Engine/Content/EngineFonts/Faces/RobotoBoldItalic.uasset" 120
"../../../Engine/Content/EngineFonts/Faces/RobotoItalic.uasset" 121
"../../../Engine/Content/EngineFonts/Faces/RobotoLight.uasset" 122
"../../../Engine/Content/EngineFonts/Faces/RobotoRegular.uasset" 123
"../../../Engine/Content/EngineFonts/Roboto.uasset" 124
"../../../Engine/Content/EngineDamageTypes/DmgTypeBP_Environmental.uasset" 125
"../../../Engine/Content/ArtTools/RenderToTexture/Meshes/S_1_Unit_Plane.uasset" 126
"../../../Engine/Content/Animation/DefaultAnimCurveCompressionSettings.uasset" 127
"../../../Engine/Content/EngineResources/WhiteSquareTexture.uasset" 128
"../../../Engine/Content/EngineMaterials/Widget3DPassThrough.uasset" 129
"../../../Engine/Content/EngineMaterials/Widget3DPassThrough_Masked.uasset" 130
"../../../Engine/Content/EngineMaterials/WeightMapPlaceholderTexture.uasset" 131
"../../../Engine/Content/EngineMaterials/Widget3DPassThrough_Translucent.uasset" 132
"../../../Engine/Content/EngineMaterials/Widget3DPassThrough_Translucent_OneSided.uasset" 133
"../../../Engine/Content/EngineMaterials/EditorBrushMaterial.uasset" 134
"../../../Engine/Content/Functions/Engine_MaterialFunctions02/WorldPositionOffset/CameraOffset.uasset" 135
"../../../Engine/Content/EngineMaterials/PhAT_JointLimitMaterial.uasset" 136
"../../../Engine/Content/EngineMaterials/BlueNoise.uasset" 137
"../../../Engine/Content/EngineMaterials/DefaultWhiteGrid_Low.uasset" 138
"../../../Engine/Content/EngineMaterials/EmissiveMeshMaterial.uasset" 139
"../../../Engine/Content/EngineMaterials/Widget3DPassThrough_Opaque.uasset" 140
"../../../Engine/Content/EngineMaterials/Widget3DPassThrough_Masked_OneSided.uasset" 141
"../../../Engine/Content/EngineMaterials/Good64x64TilingNoiseHighFreq.uasset" 142
"../../../Engine/Content/EngineMaterials/DefaultBloomKernel.uasset" 143
"../../../Engine/Content/EngineMaterials/RemoveSurfaceMaterial.uasset" 144
"../../../Engine/Content/EngineMaterials/DefaultDiffuse.uasset" 145
"../../../Engine/Content/EngineMaterials/DefaultDeferredDecalMaterial.uasset" 146
"../../../Engine/Content/Functions/Engine_MaterialFunctions02/Utility/BreakOutFloat2Components.uasset" 147
"../../../Engine/Content/EngineMaterials/DefaultPostProcessMaterial.uasset" 148
"../../../Engine/Content/EngineMaterials/DefaultPhysicalMaterial.uasset" 149
"../../../Engine/Content/EngineMaterials/BaseFlattenDiffuseMap.uasset" 150
"../../../Engine/Content/EngineMaterials/BaseFlattenEmissiveMap.uasset" 151
"../../../Engine/Content/EngineMaterials/BaseFlattenGrayscaleMap.uasset" 152
"../../../Engine/Content/EngineMaterials/BaseFlattenNormalMap.uasset" 153
"../../../Engine/Content/EngineMaterials/BaseFlattenMaterial.uasset" 154
"../../../Engine/Content/EngineMaterials/InvalidLightmapSettings.uasset" 155
"../../../Engine/Content/EngineMaterials/M_InvalidLightmapSettings.uasset" 156
"../../../Engine/Content/EngineFonts/RobotoDistanceField.uasset" 157
"../../../Engine/Content/EngineMaterials/DefaultTextMaterialOpaque.uasset" 158
"../../../Engine/Content/EngineMaterials/PreintegratedSkinBRDF.uasset" 159
"../../../Engine/Content/EngineMaterials/DefaultVirtualTextureMaterial.uasset" 160
"../../../Engine/Content/EngineMaterials/Widget3DPassThrough_Opaque_OneSided.uasset" 161
"../../../Engine/Content/EngineMaterials/DefaultBokeh.uasset" 162
"../../../Engine/Content/EngineMaterials/DefaultLightFunctionMaterial.uasset" 163
"../../../Engine/Content/EngineMaterials/MiniFont.uasset" 164
"../../../Engine/Content/EngineMaterials/DefaultWhiteGrid.uasset" 165
"../../../Engine/Content/EngineDebugMaterials/DebugEditorMaterial.uasset" 166
"../../../Engine/Content/EngineDebugMaterials/GeomMaterial.uasset" 167
"../../../Engine/Content/EngineDebugMaterials/WireframeMaterial.uasset" 168
"../../../Engine/Content/EngineDebugMaterials/HeatmapGradient.uasset" 169
"../../../Engine/Content/EngineDebugMaterials/BoneWeightMaterial.uasset" 170
"../../../Engine/Content/Functions/Engine_MaterialFunctions02/Utility/CameraDirectionVector.uasset" 171
"../../../Engine/Content/EngineDebugMaterials/VolumeToRender.uasset" 172
"../../../Engine/Content/EngineDebugMaterials/M_VolumeRenderSphereTracePP.uasset" 173
"../../../Engine/Content/EngineDebugMaterials/ClothMaterial.uasset" 174
"../../../Engine/Content/EngineDebugMaterials/ClothMaterial_WF.uasset" 175
"../../../Engine/Content/EngineDebugMaterials/DebugMeshMaterial.uasset" 176
"../../../Engine/Content/EngineDebugMaterials/M_SimpleTranslucent.uasset" 177
"../../../Engine/Content/EditorResources/S_Note.uasset" 178
"../../../Engine/Content/EditorResources/S_Solver.uasset" 179
"../../../Engine/Content/EditorResources/S_Trigger.uasset" 180
"../../../Engine/Content/EditorResources/S_Actor.uasset" 181
"../../../Engine/Content/EditorResources/EmptyActor.uasset" 182
"../../../Engine/Content/EditorResources/BSPVertex.uasset" 183
"../../../Engine/Content/EditorResources/SequenceRecorder/Countdown.uasset" 184
"../../../Engine/Content/EditorResources/SequenceRecorder/RecordingIndicator.uasset" 185
"../../../Engine/Content/EditorResources/LightIcons/S_LightError.uasset" 186
"../../../Engine/Content/EngineMaterials/DefaultMaterial.uasset" 187
"../../../Engine/Content/BasicShapes/Cone.uasset" 188
"../../../Engine/Content/BasicShapes/Cylinder.uasset" 189
"../../../Engine/Content/BasicShapes/Sphere.uasset" 190
"../../../Engine/Content/Functions/Engine_MaterialFunctions01/Shading/ConvertFromDiffSpec.uasset" 191
"../../../Engine/Content/Functions/Engine_MaterialFunctions01/Shading/PowerToRoughness.uasset" 192
"../../../Engine/Content/EditorMaterials/PreviewShadowIndicator.uasset" 193
"../../../Engine/Content/EditorMaterials/PreviewShadowIndicatorMaterial.uasset" 194
"../../../Engine/Content/EditorMaterials/GizmoMaterial.uasset" 195
"../../../Engine/Content/EditorMaterials/MAT_Groups_Toggle.uasset" 196
"../../../Engine/Content/EditorMaterials/MAT_Groups_Visibility.uasset" 197
"../../../Engine/Content/EditorMaterials/ParticleSystems/PSysThumbnail_NoImage.uasset" 198
"../../../Engine/Content/EditorMaterials/ParticleSystems/PSysThumbnail_OOD.uasset" 199
"../../../Engine/Content/EditorMaterials/MatineeGroups/MAT_Groups_Vector.uasset" 200
"../../../Engine/Content/EditorMaterials/MatineeGroups/MAT_ColorTrack.uasset" 201
"../../../Engine/Content/EditorMaterials/MatineeGroups/MAT_Groups_AudioMaster.uasset" 202
"../../../Engine/Content/EditorMaterials/MatineeGroups/MAT_Groups_Sound.uasset" 203
"../../../Engine/Content/EditorMaterials/MatineeGroups/MAT_Groups_Float.uasset" 204
"../../../Engine/Content/EditorMaterials/MatineeGroups/MAT_Groups_Director.uasset" 205
"../../../Engine/Content/EditorMaterials/MatineeGroups/MAT_Groups_Move.uasset" 206
"../../../Engine/Content/EditorMaterials/MatineeGroups/MAT_Groups_Event.uasset" 207
"../../../Engine/Content/EditorMaterials/MatineeGroups/MAT_Groups_Fade.uasset" 208
"../../../Engine/Content/EditorMaterials/MatineeGroups/MAT_Groups_Anim.uasset" 209
"../../../Engine/Content/EditorMaterials/MatineeGroups/MAT_Groups_Slomo.uasset" 210
"../../../Engine/Content/EngineSounds/Master.uasset" 211
"../../../Engine/Content/EngineMeshes/Cylinder.uasset" 212
"../../../Engine/Content/EngineMeshes/Sphere.uasset" 213
"../../../Engine/Content/VREditor/LaserPointer/VR_LaserPower_01.uasset" 214
"../../../Engine/Content/VREditor/TransformGizmo/TransformGizmoMaterial.uasset" 215
"../../../Engine/Content/VREditor/TransformGizmo/TranslucentTransformGizmoMaterial.uasset" 216
"../../../Engine/Content/VREditor/TransformGizmo/PlaneTranslationHandle.uasset" 217
"../../../Engine/Content/VREditor/TransformGizmo/Main.uasset" 218
"../../../Engine/Content/VREditor/TransformGizmo/Xray.uasset" 219
"../../../Engine/Content/VREditor/TransformGizmo/SM_Sequencer_Key.uasset" 220
"../../../Engine/Content/VREditor/TransformGizmo/BoundingBoxCorner.uasset" 221
"../../../Engine/Content/VREditor/TransformGizmo/SM_Sequencer_Node.uasset" 222
"../../../Engine/Content/VREditor/TransformGizmo/BoundingBoxEdge.uasset" 223
"../../Plugins/2D/Paper2D/Content/PlaceholderTextures/DummySpriteTexture.uasset" 224
"../../Plugins/2D/Paper2D/Content/DummySpriteTexture.uasset" 225
"../../Plugins/2D/Paper2D/Content/DefaultSpriteMaterial.uasset" 226
"../../Plugins/2D/Paper2D/Content/OpaqueUnlitSpriteMaterial.uasset" 227
"../../Plugins/2D/Paper2D/Content/DummySprite.uasset" 228
"../../Plugins/2D/Paper2D/Content/DefaultPaperTerrainMaterial.uasset" 229
"../../Plugins/2D/Paper2D/Content/MaskedUnlitSpriteMaterial.uasset" 230
"../../../../../../yhikishima/work/UnrealEngine/Unreal-Engine/13.AshiyuRoguelike/Roguelike/Content/Fonts/Go_2_Old_Western.uasset" 231
"../../../../../../yhikishima/work/UnrealEngine/Unreal-Engine/13.AshiyuRoguelike/Roguelike/Content/Fonts/Go_2_Old_Western_Font.uasset" 232
"../../../../../../yhikishima/work/UnrealEngine/Unreal-Engine/13.AshiyuRoguelike/Roguelike/Content/Wbp/WBP_Title.uasset" 233
"../../../../../../yhikishima/work/UnrealEngine/Unreal-Engine/13.AshiyuRoguelike/Roguelike/Content/BluePrints/BP_TitleController.uasset" 234
"../../../../../../yhikishima/work/UnrealEngine/Unreal-Engine/13.AshiyuRoguelike/Roguelike/Content/Maps/Title_BuiltData.uasset" 235
"../../../../../../yhikishima/work/UnrealEngine/Unreal-Engine/13.AshiyuRoguelike/Roguelike/Content/Maps/Title.umap" 236
"../../../../../../yhikishima/work/UnrealEngine/Unreal-Engine/13.AshiyuRoguelike/Roguelike/Content/BluePrints/BP_GameInstance.uasset" 237
"../../../../../../yhikishima/work/UnrealEngine/Unreal-Engine/13.AshiyuRoguelike/Roguelike/Content/AnimalVarietyPack/Crow/Textures/T_Crow_BaseColor.uasset" 238
"../../../../../../yhikishima/work/UnrealEngine/Unreal-Engine/13.AshiyuRoguelike/Roguelike/Content/AnimalVarietyPack/Crow/Textures/T_Crow_Nml.uasset" 239
"../../../../../../yhikishima/work/UnrealEngine/Unreal-Engine/13.AshiyuRoguelike/Roguelike/Content/AnimalVarietyPack/Crow/Textures/T_Crow_OcclusionRoughnessMetallic.uasset" 240
"../../../../../../yhikishima/work/UnrealEngine/Unreal-Engine/13.AshiyuRoguelike/Roguelike/Content/AnimalVarietyPack/Crow/Textures/T_Crow_Specular.uasset" 241
"../../../../../../yhikishima/work/UnrealEngine/Unreal-Engine/13.AshiyuRoguelike/Roguelike/Content/AnimalVarietyPack/Crow/Materials/M_Crow.uasset" 242
"../../../../../../yhikishima/work/UnrealEngine/Unreal-Engine/13.AshiyuRoguelike/Roguelike/Content/AnimalVarietyPack/Crow/Meshes/SK_Crow_PhysicsAsset.uasset" 243
"../../../../../../yhikishima/work/UnrealEngine/Unreal-Engine/13.AshiyuRoguelike/Roguelike/Content/AnimalVarietyPack/Crow/Meshes/SK_Crow_Skeleton.uasset" 244
"../../../../../../yhikishima/work/UnrealEngine/Unreal-Engine/13.AshiyuRoguelike/Roguelike/Content/AnimalVarietyPack/Crow/Meshes/SK_Crow.uasset" 245
"../../../../../../yhikishima/work/UnrealEngine/Unreal-Engine/13.AshiyuRoguelike/Roguelike/Content/BluePrints/BP_Crow.uasset" 246
"../../../../../../yhikishima/work/UnrealEngine/Unreal-Engine/13.AshiyuRoguelike/Roguelike/Content/AnimalVarietyPack/Fox/Textures/T_Fox_BaseColor.uasset" 247
"../../../../../../yhikishima/work/UnrealEngine/Unreal-Engine/13.AshiyuRoguelike/Roguelike/Content/AnimalVarietyPack/Fox/Textures/T_Fox_Nml.uasset" 248
"../../../../../../yhikishima/work/UnrealEngine/Unreal-Engine/13.AshiyuRoguelike/Roguelike/Content/AnimalVarietyPack/Fox/Textures/T_Fox_OcclusionRoughnessMetallic.uasset" 249
"../../../../../../yhikishima/work/UnrealEngine/Unreal-Engine/13.AshiyuRoguelike/Roguelike/Content/AnimalVarietyPack/Fox/Textures/T_Fox_Specular.uasset" 250
"../../../../../../yhikishima/work/UnrealEngine/Unreal-Engine/13.AshiyuRoguelike/Roguelike/Content/AnimalVarietyPack/Fox/Materials/M_Fox.uasset" 251
"../../../../../../yhikishima/work/UnrealEngine/Unreal-Engine/13.AshiyuRoguelike/Roguelike/Content/AnimalVarietyPack/Fox/Materials/M_FoxFur.uasset" 252
"../../../../../../yhikishima/work/UnrealEngine/Unreal-Engine/13.AshiyuRoguelike/Roguelike/Content/AnimalVarietyPack/Fox/Meshes/SK_Fox_PhysicsAsset.uasset" 253
"../../../../../../yhikishima/work/UnrealEngine/Unreal-Engine/13.AshiyuRoguelike/Roguelike/Content/AnimalVarietyPack/Fox/Meshes/SK_Fox.uasset" 254
"../../../../../../yhikishima/work/UnrealEngine/Unreal-Engine/13.AshiyuRoguelike/Roguelike/Content/BluePrints/BP_Fox.uasset" 255
"../../../../../../yhikishima/work/UnrealEngine/Unreal-Engine/13.AshiyuRoguelike/Roguelike/Content/AnimalVarietyPack/Pig/Textures/T_Pig_BaseColor.uasset" 256
"../../../../../../yhikishima/work/UnrealEngine/Unreal-Engine/13.AshiyuRoguelike/Roguelike/Content/AnimalVarietyPack/Pig/Textures/T_Pig_Nml.uasset" 257
"../../../../../../yhikishima/work/UnrealEngine/Unreal-Engine/13.AshiyuRoguelike/Roguelike/Content/AnimalVarietyPack/Pig/Textures/T_Pig_OcclusionRoughnessMetallic.uasset" 258
"../../../../../../yhikishima/work/UnrealEngine/Unreal-Engine/13.AshiyuRoguelike/Roguelike/Content/AnimalVarietyPack/Pig/Textures/T_Pig_Specular.uasset" 259
"../../../../../../yhikishima/work/UnrealEngine/Unreal-Engine/13.AshiyuRoguelike/Roguelike/Content/AnimalVarietyPack/Pig/Materials/M_Pig.uasset" 260
"../../../../../../yhikishima/work/UnrealEngine/Unreal-Engine/13.AshiyuRoguelike/Roguelike/Content/AnimalVarietyPack/Pig/Materials/M_PigHair.uasset" 261
"../../../../../../yhikishima/work/UnrealEngine/Unreal-Engine/13.AshiyuRoguelike/Roguelike/Content/AnimalVarietyPack/Pig/Meshes/SK_Pig_PhysicsAsset.uasset" 262
"../../../../../../yhikishima/work/UnrealEngine/Unreal-Engine/13.AshiyuRoguelike/Roguelike/Content/AnimalVarietyPack/Pig/Meshes/SK_Pig.uasset" 263
"../../../../../../yhikishima/work/UnrealEngine/Unreal-Engine/13.AshiyuRoguelike/Roguelike/Content/BluePrints/BP_Pig.uasset" 264
"../../../../../../yhikishima/work/UnrealEngine/Unreal-Engine/13.AshiyuRoguelike/Roguelike/Content/AnimalVarietyPack/Wolf/Materials/M_Wolf.uasset" 265
"../../../../../../yhikishima/work/UnrealEngine/Unreal-Engine/13.AshiyuRoguelike/Roguelike/Content/AnimalVarietyPack/Wolf/Meshes/SK_Wolf_PhysicsAsset.uasset" 266
"../../../../../../yhikishima/work/UnrealEngine/Unreal-Engine/13.AshiyuRoguelike/Roguelike/Content/AnimalVarietyPack/Wolf/Meshes/SK_Wolf.uasset" 267
"../../../../../../yhikishima/work/UnrealEngine/Unreal-Engine/13.AshiyuRoguelike/Roguelike/Content/BluePrints/BP_Wolf.uasset" 268
"../../../../../../yhikishima/work/UnrealEngine/Unreal-Engine/13.AshiyuRoguelike/Roguelike/Content/Animations/idle.uasset" 269
"../../../../../../yhikishima/work/UnrealEngine/Unreal-Engine/13.AshiyuRoguelike/Roguelike/Content/Animations/run.uasset" 270
"../../../../../../yhikishima/work/UnrealEngine/Unreal-Engine/13.AshiyuRoguelike/Roguelike/Content/Animations/ABP_Award.uasset" 271
"../../../../../../yhikishima/work/UnrealEngine/Unreal-Engine/13.AshiyuRoguelike/Roguelike/Content/Textures/T_Chara.uasset" 272
"../../../../../../yhikishima/work/UnrealEngine/Unreal-Engine/13.AshiyuRoguelike/Roguelike/Content/Materials/M_Chara.uasset" 273
"../../../../../../yhikishima/work/UnrealEngine/Unreal-Engine/13.AshiyuRoguelike/Roguelike/Content/Materials/MI_CHara.uasset" 274
"../../../../../../yhikishima/work/UnrealEngine/Unreal-Engine/13.AshiyuRoguelike/Roguelike/Content/Meshs/award_PhysicsAsset.uasset" 275
"../../../../../../yhikishima/work/UnrealEngine/Unreal-Engine/13.AshiyuRoguelike/Roguelike/Content/Meshs/award.uasset" 276
"../../../../../../yhikishima/work/UnrealEngine/Unreal-Engine/13.AshiyuRoguelike/Roguelike/Content/BluePrints/BP_Character.uasset" 277
"../../../../../../yhikishima/work/UnrealEngine/Unreal-Engine/13.AshiyuRoguelike/Roguelike/Content/BluePrints/BP_GameModeBase.uasset" 278
"../../../../../../yhikishima/work/UnrealEngine/Unreal-Engine/13.AshiyuRoguelike/Roguelike/Content/Wbp/WBP_Clear.uasset" 279
"../../../../../../yhikishima/work/UnrealEngine/Unreal-Engine/13.AshiyuRoguelike/Roguelike/Content/Wbp/WBP_UI.uasset" 280
"../../../../../../yhikishima/work/UnrealEngine/Unreal-Engine/13.AshiyuRoguelike/Roguelike/Content/BluePrints/BP_MainController.uasset" 281
"../../../../../../yhikishima/work/UnrealEngine/Unreal-Engine/13.AshiyuRoguelike/Roguelike/Content/Maps/Main_BuiltData.uasset" 282
"../../../../../../yhikishima/work/UnrealEngine/Unreal-Engine/13.AshiyuRoguelike/Roguelike/Content/Textures/T_Brick.uasset" 283
"../../../../../../yhikishima/work/UnrealEngine/Unreal-Engine/13.AshiyuRoguelike/Roguelike/Content/Materials/M_brick.uasset" 284
"../../../Engine/Content/BasicShapes/Cube.uasset" 285
"../../../../../../yhikishima/work/UnrealEngine/Unreal-Engine/13.AshiyuRoguelike/Roguelike/Content/Maps/Main.umap" 286
"../../../../../../yhikishima/work/UnrealEngine/Unreal-Engine/13.AshiyuRoguelike/Roguelike/Content/AnimalVarietyPack/Pig/Animations/ANIM_Pig_attack.uasset" 287
"../../../../../../yhikishima/work/UnrealEngine/Unreal-Engine/13.AshiyuRoguelike/Roguelike/Content/AnimalVarietyPack/Pig/Animations/ANIM_Pig_Chew.uasset" 288
"../../../../../../yhikishima/work/UnrealEngine/Unreal-Engine/13.AshiyuRoguelike/Roguelike/Content/AnimalVarietyPack/Pig/Animations/ANIM_Pig_ComboAttackForward.uasset" 289
"../../../../../../yhikishima/work/UnrealEngine/Unreal-Engine/13.AshiyuRoguelike/Roguelike/Content/AnimalVarietyPack/Pig/Animations/ANIM_Pig_ComboAttackForward_RM.uasset" 290
"../../../../../../yhikishima/work/UnrealEngine/Unreal-Engine/13.AshiyuRoguelike/Roguelike/Content/AnimalVarietyPack/Pig/Animations/ANIM_Pig_Death.uasset" 291
"../../../../../../yhikishima/work/UnrealEngine/Unreal-Engine/13.AshiyuRoguelike/Roguelike/Content/AnimalVarietyPack/Pig/Animations/ANIM_Pig_GetHit.uasset" 292
"../../../../../../yhikishima/work/UnrealEngine/Unreal-Engine/13.AshiyuRoguelike/Roguelike/Content/AnimalVarietyPack/Pig/Animations/ANIM_Pig_IdleBreathe.uasset" 293
"../../../../../../yhikishima/work/UnrealEngine/Unreal-Engine/13.AshiyuRoguelike/Roguelike/Content/AnimalVarietyPack/Pig/Animations/ANIM_Pig_IdleLookAround.uasset" 294
"../../../../../../yhikishima/work/UnrealEngine/Unreal-Engine/13.AshiyuRoguelike/Roguelike/Content/AnimalVarietyPack/Pig/Animations/ANIM_Pig_Run.uasset" 295
"../../../../../../yhikishima/work/UnrealEngine/Unreal-Engine/13.AshiyuRoguelike/Roguelike/Content/AnimalVarietyPack/Pig/Animations/ANIM_Pig_Run_RM.uasset" 296
"../../../../../../yhikishima/work/UnrealEngine/Unreal-Engine/13.AshiyuRoguelike/Roguelike/Content/AnimalVarietyPack/Pig/Animations/ANIM_Pig_SniffleforFood.uasset" 297
"../../../../../../yhikishima/work/UnrealEngine/Unreal-Engine/13.AshiyuRoguelike/Roguelike/Content/AnimalVarietyPack/Pig/Animations/ANIM_Pig_Walk.uasset" 298
"../../../../../../yhikishima/work/UnrealEngine/Unreal-Engine/13.AshiyuRoguelike/Roguelike/Content/AnimalVarietyPack/Pig/Animations/ANIM_Pig_Walk_RM.uasset" 299
"../../../Engine/Content/EngineSky/C_Sky_Cloud_Color.uasset" 300
"../../../Engine/Content/EngineSky/C_Sky_Horizon_Color.uasset" 301
"../../../Engine/Content/EngineSky/C_Sky_Zenith_Color.uasset" 302
"../../../Engine/Content/EngineSky/T_Sky_Blue.uasset" 303
"../../../Engine/Content/EngineSky/T_Sky_Clouds_M.uasset" 304
"../../../Engine/Content/EngineSky/T_Sky_Stars.uasset" 305
"../../../Engine/Content/EngineSky/M_Sky_Panning_Clouds2.uasset" 306
"../../../Engine/Content/EngineSky/SM_SkySphere.uasset" 307
"../../../Engine/Content/EngineSky/BP_Sky_Sphere.uasset" 308
"../../../../../../yhikishima/work/UnrealEngine/Unreal-Engine/13.AshiyuRoguelike/Roguelike/Content/AnimalVarietyPack/Pig/Maps/Overview_BuiltData.uasset" 309
"../../../../../../yhikishima/work/UnrealEngine/Unreal-Engine/13.AshiyuRoguelike/Roguelike/Content/AnimalVarietyPack/Pig/Textures/T_PigDirty_BaseColor.uasset" 310
"../../../../../../yhikishima/work/UnrealEngine/Unreal-Engine/13.AshiyuRoguelike/Roguelike/Content/AnimalVarietyPack/Pig/Textures/T_PigDirty_Nml.uasset" 311
"../../../../../../yhikishima/work/UnrealEngine/Unreal-Engine/13.AshiyuRoguelike/Roguelike/Content/AnimalVarietyPack/Pig/Textures/T_PigDirty_OcclusionRoughnessMetallic.uasset" 312
"../../../../../../yhikishima/work/UnrealEngine/Unreal-Engine/13.AshiyuRoguelike/Roguelike/Content/AnimalVarietyPack/Pig/Materials/M_PigDirty.uasset" 313
"../../../../../../yhikishima/work/UnrealEngine/Unreal-Engine/13.AshiyuRoguelike/Roguelike/Content/AnimalVarietyPack/Pig/Materials/M_PigHairDirty.uasset" 314
"../../../Engine/Content/MapTemplates/SM_Template_Map_Floor.uasset" 315
"../../../../../../yhikishima/work/UnrealEngine/Unreal-Engine/13.AshiyuRoguelike/Roguelike/Content/AnimalVarietyPack/Pig/Maps/Overview.umap" 316
"../../../../../../yhikishima/work/UnrealEngine/Unreal-Engine/13.AshiyuRoguelike/Roguelike/Content/AnimalVarietyPack/Fox/Animations/ANIM_Fox_Bite.uasset" 317
"../../../../../../yhikishima/work/UnrealEngine/Unreal-Engine/13.AshiyuRoguelike/Roguelike/Content/AnimalVarietyPack/Fox/Animations/ANIM_Fox_Death.uasset" 318
"../../../../../../yhikishima/work/UnrealEngine/Unreal-Engine/13.AshiyuRoguelike/Roguelike/Content/AnimalVarietyPack/Fox/Animations/ANIM_Fox_GetHitFront.uasset" 319
"../../../../../../yhikishima/work/UnrealEngine/Unreal-Engine/13.AshiyuRoguelike/Roguelike/Content/AnimalVarietyPack/Fox/Animations/ANIM_Fox_GetHitLeft.uasset" 320
"../../../../../../yhikishima/work/UnrealEngine/Unreal-Engine/13.AshiyuRoguelike/Roguelike/Content/AnimalVarietyPack/Fox/Animations/ANIM_Fox_GetHitRight.uasset" 321
"../../../../../../yhikishima/work/UnrealEngine/Unreal-Engine/13.AshiyuRoguelike/Roguelike/Content/AnimalVarietyPack/Fox/Animations/ANIM_Fox_IdleAggressive.uasset" 322
"../../../../../../yhikishima/work/UnrealEngine/Unreal-Engine/13.AshiyuRoguelike/Roguelike/Content/AnimalVarietyPack/Fox/Animations/ANIM_Fox_IdleBreathe.uasset" 323
"../../../../../../yhikishima/work/UnrealEngine/Unreal-Engine/13.AshiyuRoguelike/Roguelike/Content/AnimalVarietyPack/Fox/Animations/ANIM_Fox_IdleLookAround.uasset" 324
"../../../../../../yhikishima/work/UnrealEngine/Unreal-Engine/13.AshiyuRoguelike/Roguelike/Content/AnimalVarietyPack/Fox/Animations/ANIM_Fox_JumpBite.uasset" 325
"../../../../../../yhikishima/work/UnrealEngine/Unreal-Engine/13.AshiyuRoguelike/Roguelike/Content/AnimalVarietyPack/Fox/Animations/ANIM_Fox_JumpBite_RM.uasset" 326
"../../../../../../yhikishima/work/UnrealEngine/Unreal-Engine/13.AshiyuRoguelike/Roguelike/Content/AnimalVarietyPack/Fox/Animations/ANIM_Fox_Run.uasset" 327
"../../../../../../yhikishima/work/UnrealEngine/Unreal-Engine/13.AshiyuRoguelike/Roguelike/Content/AnimalVarietyPack/Fox/Animations/ANIM_Fox_Run_RM.uasset" 328
"../../../../../../yhikishima/work/UnrealEngine/Unreal-Engine/13.AshiyuRoguelike/Roguelike/Content/AnimalVarietyPack/Fox/Animations/ANIM_Fox_RunBite.uasset" 329
"../../../../../../yhikishima/work/UnrealEngine/Unreal-Engine/13.AshiyuRoguelike/Roguelike/Content/AnimalVarietyPack/Fox/Animations/ANIM_Fox_RunBite_RM.uasset" 330
"../../../../../../yhikishima/work/UnrealEngine/Unreal-Engine/13.AshiyuRoguelike/Roguelike/Content/AnimalVarietyPack/Fox/Animations/ANIM_Fox_Walk.uasset" 331
"../../../../../../yhikishima/work/UnrealEngine/Unreal-Engine/13.AshiyuRoguelike/Roguelike/Content/AnimalVarietyPack/Fox/Animations/ANIM_Fox_Walk_RM.uasset" 332
"../../../../../../yhikishima/work/UnrealEngine/Unreal-Engine/13.AshiyuRoguelike/Roguelike/Content/AnimalVarietyPack/Fox/Maps/Overview_BuiltData.uasset" 333
"../../../../../../yhikishima/work/UnrealEngine/Unreal-Engine/13.AshiyuRoguelike/Roguelike/Content/AnimalVarietyPack/Fox/Maps/Overview.umap" 334
"../../../../../../yhikishima/work/UnrealEngine/Unreal-Engine/13.AshiyuRoguelike/Roguelike/Content/AnimalVarietyPack/Crow/Animations/ANIM_Crow_DeathGrounded.uasset" 335
"../../../../../../yhikishima/work/UnrealEngine/Unreal-Engine/13.AshiyuRoguelike/Roguelike/Content/AnimalVarietyPack/Crow/Animations/ANIM_Crow_DeathHitTheGround.uasset" 336
"../../../../../../yhikishima/work/UnrealEngine/Unreal-Engine/13.AshiyuRoguelike/Roguelike/Content/AnimalVarietyPack/Crow/Animations/ANIM_Crow_EatSomething.uasset" 337
"../../../../../../yhikishima/work/UnrealEngine/Unreal-Engine/13.AshiyuRoguelike/Roguelike/Content/AnimalVarietyPack/Crow/Animations/ANIM_Crow_Falling.uasset" 338
"../../../../../../yhikishima/work/UnrealEngine/Unreal-Engine/13.AshiyuRoguelike/Roguelike/Content/AnimalVarietyPack/Crow/Animations/ANIM_Crow_Fly.uasset" 339
"../../../../../../yhikishima/work/UnrealEngine/Unreal-Engine/13.AshiyuRoguelike/Roguelike/Content/AnimalVarietyPack/Crow/Animations/ANIM_Crow_FlyingAttack.uasset" 340
"../../../../../../yhikishima/work/UnrealEngine/Unreal-Engine/13.AshiyuRoguelike/Roguelike/Content/AnimalVarietyPack/Crow/Animations/ANIM_Crow_Glide.uasset" 341
"../../../../../../yhikishima/work/UnrealEngine/Unreal-Engine/13.AshiyuRoguelike/Roguelike/Content/AnimalVarietyPack/Crow/Animations/ANIM_Crow_Hop.uasset" 342
"../../../../../../yhikishima/work/UnrealEngine/Unreal-Engine/13.AshiyuRoguelike/Roguelike/Content/AnimalVarietyPack/Crow/Animations/ANIM_Crow_Hop_RM.uasset" 343
"../../../../../../yhikishima/work/UnrealEngine/Unreal-Engine/13.AshiyuRoguelike/Roguelike/Content/AnimalVarietyPack/Crow/Animations/ANIM_Crow_IdleLookAround.uasset" 344
"../../../../../../yhikishima/work/UnrealEngine/Unreal-Engine/13.AshiyuRoguelike/Roguelike/Content/AnimalVarietyPack/Crow/Animations/ANIM_Crow_IdleScratchWing.uasset" 345
"../../../../../../yhikishima/work/UnrealEngine/Unreal-Engine/13.AshiyuRoguelike/Roguelike/Content/AnimalVarietyPack/Crow/Animations/ANIM_Crow_IdleStretchWings.uasset" 346
"../../../../../../yhikishima/work/UnrealEngine/Unreal-Engine/13.AshiyuRoguelike/Roguelike/Content/AnimalVarietyPack/Crow/Animations/ANIM_Crow_InAirDeathGoToFall.uasset" 347
"../../../../../../yhikishima/work/UnrealEngine/Unreal-Engine/13.AshiyuRoguelike/Roguelike/Content/AnimalVarietyPack/Crow/Animations/ANIM_Crow_Landing.uasset" 348
"../../../../../../yhikishima/work/UnrealEngine/Unreal-Engine/13.AshiyuRoguelike/Roguelike/Content/AnimalVarietyPack/Crow/Animations/ANIM_Crow_TakeOff.uasset" 349
"../../../../../../yhikishima/work/UnrealEngine/Unreal-Engine/13.AshiyuRoguelike/Roguelike/Content/AnimalVarietyPack/Crow/Animations/ANIM_Crow_Walk.uasset" 350
"../../../../../../yhikishima/work/UnrealEngine/Unreal-Engine/13.AshiyuRoguelike/Roguelike/Content/AnimalVarietyPack/Crow/Animations/ANIM_Crow_Walk_RM.uasset" 351
"../../../../../../yhikishima/work/UnrealEngine/Unreal-Engine/13.AshiyuRoguelike/Roguelike/Content/AnimalVarietyPack/Crow/Maps/Overview_BuiltData.uasset" 352
"../../../../../../yhikishima/work/UnrealEngine/Unreal-Engine/13.AshiyuRoguelike/Roguelike/Content/AnimalVarietyPack/Crow/Maps/Overview.umap" 353
"../../../../../../yhikishima/work/UnrealEngine/Unreal-Engine/13.AshiyuRoguelike/Roguelike/Content/AnimalVarietyPack/Wolf/Animations/ANIM_Wolf_Bite.uasset" 354
"../../../../../../yhikishima/work/UnrealEngine/Unreal-Engine/13.AshiyuRoguelike/Roguelike/Content/AnimalVarietyPack/Wolf/Animations/ANIM_Wolf_Death.uasset" 355
"../../../../../../yhikishima/work/UnrealEngine/Unreal-Engine/13.AshiyuRoguelike/Roguelike/Content/AnimalVarietyPack/Wolf/Animations/ANIM_Wolf_GetHitFront.uasset" 356
"../../../../../../yhikishima/work/UnrealEngine/Unreal-Engine/13.AshiyuRoguelike/Roguelike/Content/AnimalVarietyPack/Wolf/Animations/ANIM_Wolf_GetHitLeft.uasset" 357
"../../../../../../yhikishima/work/UnrealEngine/Unreal-Engine/13.AshiyuRoguelike/Roguelike/Content/AnimalVarietyPack/Wolf/Animations/ANIM_Wolf_GetHitRight.uasset" 358
"../../../../../../yhikishima/work/UnrealEngine/Unreal-Engine/13.AshiyuRoguelike/Roguelike/Content/AnimalVarietyPack/Wolf/Animations/ANIM_Wolf_Howl.uasset" 359
"../../../../../../yhikishima/work/UnrealEngine/Unreal-Engine/13.AshiyuRoguelike/Roguelike/Content/AnimalVarietyPack/Wolf/Animations/ANIM_Wolf_IdleAggressive.uasset" 360
"../../../../../../yhikishima/work/UnrealEngine/Unreal-Engine/13.AshiyuRoguelike/Roguelike/Content/AnimalVarietyPack/Wolf/Animations/ANIM_Wolf_IdleBreathe.uasset" 361
"../../../../../../yhikishima/work/UnrealEngine/Unreal-Engine/13.AshiyuRoguelike/Roguelike/Content/AnimalVarietyPack/Wolf/Animations/ANIM_Wolf_IdleLookAround.uasset" 362
"../../../../../../yhikishima/work/UnrealEngine/Unreal-Engine/13.AshiyuRoguelike/Roguelike/Content/AnimalVarietyPack/Wolf/Animations/ANIM_Wolf_JumpBite.uasset" 363
"../../../../../../yhikishima/work/UnrealEngine/Unreal-Engine/13.AshiyuRoguelike/Roguelike/Content/AnimalVarietyPack/Wolf/Animations/ANIM_Wolf_JumpBite_RM.uasset" 364
"../../../../../../yhikishima/work/UnrealEngine/Unreal-Engine/13.AshiyuRoguelike/Roguelike/Content/AnimalVarietyPack/Wolf/Animations/ANIM_Wolf_Run.uasset" 365
"../../../../../../yhikishima/work/UnrealEngine/Unreal-Engine/13.AshiyuRoguelike/Roguelike/Content/AnimalVarietyPack/Wolf/Animations/ANIM_Wolf_Run_RM.uasset" 366
"../../../../../../yhikishima/work/UnrealEngine/Unreal-Engine/13.AshiyuRoguelike/Roguelike/Content/AnimalVarietyPack/Wolf/Animations/ANIM_Wolf_RunBite.uasset" 367
"../../../../../../yhikishima/work/UnrealEngine/Unreal-Engine/13.AshiyuRoguelike/Roguelike/Content/AnimalVarietyPack/Wolf/Animations/ANIM_Wolf_RunBite_RM.uasset" 368
"../../../../../../yhikishima/work/UnrealEngine/Unreal-Engine/13.AshiyuRoguelike/Roguelike/Content/AnimalVarietyPack/Wolf/Animations/ANIM_Wolf_Walk.uasset" 369
"../../../../../../yhikishima/work/UnrealEngine/Unreal-Engine/13.AshiyuRoguelike/Roguelike/Content/AnimalVarietyPack/Wolf/Animations/ANIM_Wolf_Walk_RM.uasset" 370
"../../../../../../yhikishima/work/UnrealEngine/Unreal-Engine/13.AshiyuRoguelike/Roguelike/Content/AnimalVarietyPack/Wolf/Maps/Overview_BuiltData.uasset" 371
"../../../../../../yhikishima/work/UnrealEngine/Unreal-Engine/13.AshiyuRoguelike/Roguelike/Content/AnimalVarietyPack/Wolf/Textures/T_WolfArctic_BaseColorAlpha.uasset" 372
"../../../../../../yhikishima/work/UnrealEngine/Unreal-Engine/13.AshiyuRoguelike/Roguelike/Content/AnimalVarietyPack/Wolf/Materials/M_WolfArctic.uasset" 373
"../../../../../../yhikishima/work/UnrealEngine/Unreal-Engine/13.AshiyuRoguelike/Roguelike/Content/AnimalVarietyPack/Wolf/Textures/T_WolfDark_BaseColorAlpha.uasset" 374
"../../../../../../yhikishima/work/UnrealEngine/Unreal-Engine/13.AshiyuRoguelike/Roguelike/Content/AnimalVarietyPack/Wolf/Textures/T_WolfDark_Illum.uasset" 375
"../../../../../../yhikishima/work/UnrealEngine/Unreal-Engine/13.AshiyuRoguelike/Roguelike/Content/AnimalVarietyPack/Wolf/Materials/M_WolfDark.uasset" 376
"../../../../../../yhikishima/work/UnrealEngine/Unreal-Engine/13.AshiyuRoguelike/Roguelike/Content/AnimalVarietyPack/Wolf/Materials/M_WolfFurArctic.uasset" 377
"../../../../../../yhikishima/work/UnrealEngine/Unreal-Engine/13.AshiyuRoguelike/Roguelike/Content/AnimalVarietyPack/Wolf/Materials/M_WolfFurDark.uasset" 378
"../../../../../../yhikishima/work/UnrealEngine/Unreal-Engine/13.AshiyuRoguelike/Roguelike/Content/AnimalVarietyPack/Wolf/Maps/Overview.umap" 379
"../../../../../../yhikishima/work/UnrealEngine/Unreal-Engine/13.AshiyuRoguelike/Roguelike/Content/AnimalVarietyPack/DeerStagAndDoe/Meshes/SK_DeerDoe_Skeleton.uasset" 380
"../../../../../../yhikishima/work/UnrealEngine/Unreal-Engine/13.AshiyuRoguelike/Roguelike/Content/AnimalVarietyPack/DeerStagAndDoe/Animations/ANIM_DeerDoe_Death.uasset" 381
"../../../../../../yhikishima/work/UnrealEngine/Unreal-Engine/13.AshiyuRoguelike/Roguelike/Content/AnimalVarietyPack/DeerStagAndDoe/Animations/ANIM_DeerDoe_GetHit.uasset" 382
"../../../../../../yhikishima/work/UnrealEngine/Unreal-Engine/13.AshiyuRoguelike/Roguelike/Content/AnimalVarietyPack/DeerStagAndDoe/Animations/ANIM_DeerDoe_GoToRest.uasset" 383
"../../../../../../yhikishima/work/UnrealEngine/Unreal-Engine/13.AshiyuRoguelike/Roguelike/Content/AnimalVarietyPack/DeerStagAndDoe/Animations/ANIM_DeerDoe_GrazeOnce.uasset" 384
"../../../../../../yhikishima/work/UnrealEngine/Unreal-Engine/13.AshiyuRoguelike/Roguelike/Content/AnimalVarietyPack/DeerStagAndDoe/Animations/ANIM_DeerDoe_IdleBreathe.uasset" 385
"../../../../../../yhikishima/work/UnrealEngine/Unreal-Engine/13.AshiyuRoguelike/Roguelike/Content/AnimalVarietyPack/DeerStagAndDoe/Animations/ANIM_DeerDoe_IdleChew.uasset" 386
"../../../../../../yhikishima/work/UnrealEngine/Unreal-Engine/13.AshiyuRoguelike/Roguelike/Content/AnimalVarietyPack/DeerStagAndDoe/Animations/ANIM_DeerDoe_IdleGraze.uasset" 387
"../../../../../../yhikishima/work/UnrealEngine/Unreal-Engine/13.AshiyuRoguelike/Roguelike/Content/AnimalVarietyPack/DeerStagAndDoe/Animations/ANIM_DeerDoe_IdleLookAround.uasset" 388
"../../../../../../yhikishima/work/UnrealEngine/Unreal-Engine/13.AshiyuRoguelike/Roguelike/Content/AnimalVarietyPack/DeerStagAndDoe/Animations/ANIM_DeerDoe_IdleRest.uasset" 389
"../../../../../../yhikishima/work/UnrealEngine/Unreal-Engine/13.AshiyuRoguelike/Roguelike/Content/AnimalVarietyPack/DeerStagAndDoe/Animations/ANIM_DeerDoe_IdleSleep.uasset" 390
"../../../../../../yhikishima/work/UnrealEngine/Unreal-Engine/13.AshiyuRoguelike/Roguelike/Content/AnimalVarietyPack/DeerStagAndDoe/Animations/ANIM_DeerDoe_RestToGoBackUp.uasset" 391
"../../../../../../yhikishima/work/UnrealEngine/Unreal-Engine/13.AshiyuRoguelike/Roguelike/Content/AnimalVarietyPack/DeerStagAndDoe/Animations/ANIM_DeerDoe_Run.uasset" 392
"../../../../../../yhikishima/work/UnrealEngine/Unreal-Engine/13.AshiyuRoguelike/Roguelike/Content/AnimalVarietyPack/DeerStagAndDoe/Animations/ANIM_DeerDoe_Run_RM.uasset" 393
"../../../../../../yhikishima/work/UnrealEngine/Unreal-Engine/13.AshiyuRoguelike/Roguelike/Content/AnimalVarietyPack/DeerStagAndDoe/Animations/ANIM_DeerDoe_SleepToGoBackUp.uasset" 394
"../../../../../../yhikishima/work/UnrealEngine/Unreal-Engine/13.AshiyuRoguelike/Roguelike/Content/AnimalVarietyPack/DeerStagAndDoe/Animations/ANIM_DeerDoe_Walk.uasset" 395
"../../../../../../yhikishima/work/UnrealEngine/Unreal-Engine/13.AshiyuRoguelike/Roguelike/Content/AnimalVarietyPack/DeerStagAndDoe/Animations/ANIM_DeerDoe_Walk_RM.uasset" 396
"../../../../../../yhikishima/work/UnrealEngine/Unreal-Engine/13.AshiyuRoguelike/Roguelike/Content/AnimalVarietyPack/DeerStagAndDoe/Animations/ANIM_DeerDoe_WalkGraze.uasset" 397
"../../../../../../yhikishima/work/UnrealEngine/Unreal-Engine/13.AshiyuRoguelike/Roguelike/Content/AnimalVarietyPack/DeerStagAndDoe/Animations/ANIM_DeerDoe_WalkGraze_RM.uasset" 398
"../../../../../../yhikishima/work/UnrealEngine/Unreal-Engine/13.AshiyuRoguelike/Roguelike/Content/AnimalVarietyPack/DeerStagAndDoe/Animations/ANIM_DeerDoe_WalkTurnL.uasset" 399
"../../../../../../yhikishima/work/UnrealEngine/Unreal-Engine/13.AshiyuRoguelike/Roguelike/Content/AnimalVarietyPack/DeerStagAndDoe/Animations/ANIM_DeerDoe_WalkTurnL_RM.uasset" 400
"../../../../../../yhikishima/work/UnrealEngine/Unreal-Engine/13.AshiyuRoguelike/Roguelike/Content/AnimalVarietyPack/DeerStagAndDoe/Animations/ANIM_DeerDoe_WalkTurnR.uasset" 401
"../../../../../../yhikishima/work/UnrealEngine/Unreal-Engine/13.AshiyuRoguelike/Roguelike/Content/AnimalVarietyPack/DeerStagAndDoe/Animations/ANIM_DeerDoe_WalkTurnR_RM.uasset" 402
"../../../../../../yhikishima/work/UnrealEngine/Unreal-Engine/13.AshiyuRoguelike/Roguelike/Content/AnimalVarietyPack/DeerStagAndDoe/Animations/ANIM_DeerStag_AntlersAttack.uasset" 403
"../../../../../../yhikishima/work/UnrealEngine/Unreal-Engine/13.AshiyuRoguelike/Roguelike/Content/AnimalVarietyPack/DeerStagAndDoe/Animations/ANIM_DeerStag_AntlersComboAttack.uasset" 404
"../../../../../../yhikishima/work/UnrealEngine/Unreal-Engine/13.AshiyuRoguelike/Roguelike/Content/AnimalVarietyPack/DeerStagAndDoe/Animations/ANIM_DeerStag_AntlersComboAttack_RM.uasset" 405
"../../../../../../yhikishima/work/UnrealEngine/Unreal-Engine/13.AshiyuRoguelike/Roguelike/Content/AnimalVarietyPack/DeerStagAndDoe/Animations/ANIM_DeerStag_Death.uasset" 406
"../../../../../../yhikishima/work/UnrealEngine/Unreal-Engine/13.AshiyuRoguelike/Roguelike/Content/AnimalVarietyPack/DeerStagAndDoe/Animations/ANIM_DeerStag_GetHit.uasset" 407
"../../../../../../yhikishima/work/UnrealEngine/Unreal-Engine/13.AshiyuRoguelike/Roguelike/Content/AnimalVarietyPack/DeerStagAndDoe/Animations/ANIM_DeerStag_IdleBreathe.uasset" 408
"../../../../../../yhikishima/work/UnrealEngine/Unreal-Engine/13.AshiyuRoguelike/Roguelike/Content/AnimalVarietyPack/DeerStagAndDoe/Animations/ANIM_DeerStag_IdleLookAround.uasset" 409
"../../../../../../yhikishima/work/UnrealEngine/Unreal-Engine/13.AshiyuRoguelike/Roguelike/Content/AnimalVarietyPack/DeerStagAndDoe/Animations/ANIM_DeerStag_Run.uasset" 410
"../../../../../../yhikishima/work/UnrealEngine/Unreal-Engine/13.AshiyuRoguelike/Roguelike/Content/AnimalVarietyPack/DeerStagAndDoe/Animations/ANIM_DeerStag_Run_RM.uasset" 411
"../../../../../../yhikishima/work/UnrealEngine/Unreal-Engine/13.AshiyuRoguelike/Roguelike/Content/AnimalVarietyPack/DeerStagAndDoe/Animations/ANIM_DeerStag_Walk.uasset" 412
"../../../../../../yhikishima/work/UnrealEngine/Unreal-Engine/13.AshiyuRoguelike/Roguelike/Content/AnimalVarietyPack/DeerStagAndDoe/Animations/ANIM_DeerStag_Walk_RM.uasset" 413
"../../../../../../yhikishima/work/UnrealEngine/Unreal-Engine/13.AshiyuRoguelike/Roguelike/Content/AnimalVarietyPack/DeerStagAndDoe/Maps/Overview_BuiltData.uasset" 414
"../../../../../../yhikishima/work/UnrealEngine/Unreal-Engine/13.AshiyuRoguelike/Roguelike/Content/AnimalVarietyPack/DeerStagAndDoe/Textures/T_DeeDoe_BaseColor.uasset" 415
"../../../../../../yhikishima/work/UnrealEngine/Unreal-Engine/13.AshiyuRoguelike/Roguelike/Content/AnimalVarietyPack/DeerStagAndDoe/Textures/T_DeeDoe_Nml.uasset" 416
"../../../../../../yhikishima/work/UnrealEngine/Unreal-Engine/13.AshiyuRoguelike/Roguelike/Content/AnimalVarietyPack/DeerStagAndDoe/Textures/T_DeerDoe_OcclusionRoughnessMetallic.uasset" 417
"../../../../../../yhikishima/work/UnrealEngine/Unreal-Engine/13.AshiyuRoguelike/Roguelike/Content/AnimalVarietyPack/DeerStagAndDoe/Textures/T_Stag_Specular.uasset" 418
"../../../../../../yhikishima/work/UnrealEngine/Unreal-Engine/13.AshiyuRoguelike/Roguelike/Content/AnimalVarietyPack/DeerStagAndDoe/Materials/M_DeerDoe.uasset" 419
"../../../../../../yhikishima/work/UnrealEngine/Unreal-Engine/13.AshiyuRoguelike/Roguelike/Content/AnimalVarietyPack/DeerStagAndDoe/Materials/M_DeerDoeFur.uasset" 420
"../../../../../../yhikishima/work/UnrealEngine/Unreal-Engine/13.AshiyuRoguelike/Roguelike/Content/AnimalVarietyPack/DeerStagAndDoe/Meshes/SK_DeerDoe_PhysicsAsset.uasset" 421
"../../../../../../yhikishima/work/UnrealEngine/Unreal-Engine/13.AshiyuRoguelike/Roguelike/Content/AnimalVarietyPack/DeerStagAndDoe/Meshes/SK_DeerDoe.uasset" 422
"../../../../../../yhikishima/work/UnrealEngine/Unreal-Engine/13.AshiyuRoguelike/Roguelike/Content/AnimalVarietyPack/DeerStagAndDoe/Textures/T_Stag_BaseColor.uasset" 423
"../../../../../../yhikishima/work/UnrealEngine/Unreal-Engine/13.AshiyuRoguelike/Roguelike/Content/AnimalVarietyPack/DeerStagAndDoe/Textures/T_Stag_Nml.uasset" 424
"../../../../../../yhikishima/work/UnrealEngine/Unreal-Engine/13.AshiyuRoguelike/Roguelike/Content/AnimalVarietyPack/DeerStagAndDoe/Textures/T_Stag_OcclusionRoughnessMetllic.uasset" 425
"../../../../../../yhikishima/work/UnrealEngine/Unreal-Engine/13.AshiyuRoguelike/Roguelike/Content/AnimalVarietyPack/DeerStagAndDoe/Materials/M_DeerStag.uasset" 426
"../../../../../../yhikishima/work/UnrealEngine/Unreal-Engine/13.AshiyuRoguelike/Roguelike/Content/AnimalVarietyPack/DeerStagAndDoe/Materials/M_DeerStagFur.uasset" 427
"../../../../../../yhikishima/work/UnrealEngine/Unreal-Engine/13.AshiyuRoguelike/Roguelike/Content/AnimalVarietyPack/DeerStagAndDoe/Meshes/SK_DeerStag_PhysicsAsset.uasset" 428
"../../../../../../yhikishima/work/UnrealEngine/Unreal-Engine/13.AshiyuRoguelike/Roguelike/Content/AnimalVarietyPack/DeerStagAndDoe/Meshes/SK_DeerStag.uasset" 429
"../../../../../../yhikishima/work/UnrealEngine/Unreal-Engine/13.AshiyuRoguelike/Roguelike/Content/AnimalVarietyPack/DeerStagAndDoe/Maps/Overview.umap" 430
"../../../Engine/Content/Maps/Entry_BuiltData.uasset" 431
"../../../Engine/Content/Maps/Entry.umap" 432
