"../../../../../../yhikishima-2/work/Unreal/Unreal-Engine/06.Paper2D/Paper2D/Content/MobileStarterContent/Textures/T_Detail_Rocky_N.uasset" 0
"../../../../../../yhikishima-2/work/Unreal/Unreal-Engine/06.Paper2D/Paper2D/Content/MobileStarterContent/Textures/T_Perlin_Noise_M.uasset" 1
"../../../../../../yhikishima-2/work/Unreal/Unreal-Engine/06.Paper2D/Paper2D/Content/MobileStarterContent/Textures/T_Concrete_Tiles_Variation_M.uasset" 2
"../../../../../../yhikishima-2/work/Unreal/Unreal-Engine/06.Paper2D/Paper2D/Content/MobileStarterContent/Textures/T_Rock_Smooth_Granite_D.uasset" 3
"../../../../../../yhikishima-2/work/Unreal/Unreal-Engine/06.Paper2D/Paper2D/Content/MobileStarterContent/Textures/T_Gradinet_01.uasset" 4
"../../../../../../yhikishima-2/work/Unreal/Unreal-Engine/06.Paper2D/Paper2D/Content/MobileStarterContent/Textures/T_CobbleStone_Pebble_M.uasset" 5
"../../../../../../yhikishima-2/work/Unreal/Unreal-Engine/06.Paper2D/Paper2D/Content/MobileStarterContent/Audio/Explosion01.uasset" 6
"../../../../../../yhikishima-2/work/Unreal/Unreal-Engine/06.Paper2D/Paper2D/Content/MobileStarterContent/Audio/Explosion02.uasset" 7
"../../../../../../yhikishima-2/work/Unreal/Unreal-Engine/06.Paper2D/Paper2D/Content/MobileStarterContent/Audio/Explosion_Cue.uasset" 8
"../../../../../../yhikishima-2/work/Unreal/Unreal-Engine/06.Paper2D/Paper2D/Content/MobileStarterContent/Textures/T_Burst_M.uasset" 9
"../../../../../../yhikishima-2/work/Unreal/Unreal-Engine/06.Paper2D/Paper2D/Content/MobileStarterContent/Particles/Materials/M_Burst.uasset" 10
"../../../../../../yhikishima-2/work/Unreal/Unreal-Engine/06.Paper2D/Paper2D/Content/MobileStarterContent/Textures/T_Explosion_SubUV.uasset" 11
"../../../../../../yhikishima-2/work/Unreal/Unreal-Engine/06.Paper2D/Paper2D/Content/MobileStarterContent/Particles/Materials/M_explosion_subUV.uasset" 12
"../../../../../../yhikishima-2/work/Unreal/Unreal-Engine/06.Paper2D/Paper2D/Content/MobileStarterContent/Particles/Materials/m_flare_01.uasset" 13
"../../../Engine/Content/Functions/Engine_MaterialFunctions01/Gradient/RadialGradient.uasset" 14
"../../../../../../yhikishima-2/work/Unreal/Unreal-Engine/06.Paper2D/Paper2D/Content/MobileStarterContent/Particles/Materials/M_radial_ramp.uasset" 15
"../../../../../../yhikishima-2/work/Unreal/Unreal-Engine/06.Paper2D/Paper2D/Content/MobileStarterContent/Textures/T_Smoke_SubUV.uasset" 16
"../../../../../../yhikishima-2/work/Unreal/Unreal-Engine/06.Paper2D/Paper2D/Content/MobileStarterContent/Textures/T_Smoke_Tiled_D.uasset" 17
"../../../../../../yhikishima-2/work/Unreal/Unreal-Engine/06.Paper2D/Paper2D/Content/MobileStarterContent/Particles/Materials/M_smoke_subUV.uasset" 18
"../../../../../../yhikishima-2/work/Unreal/Unreal-Engine/06.Paper2D/Paper2D/Content/MobileStarterContent/Particles/P_Explosion.uasset" 19
"../../../../../../yhikishima-2/work/Unreal/Unreal-Engine/06.Paper2D/Paper2D/Content/MobileStarterContent/Blueprints/Blueprint_Effect_Explosion.uasset" 20
"../../../../../../yhikishima-2/work/Unreal/Unreal-Engine/06.Paper2D/Paper2D/Content/MobileStarterContent/Materials/M_Glass.uasset" 21
"../../../../../../yhikishima-2/work/Unreal/Unreal-Engine/06.Paper2D/Paper2D/Content/MobileStarterContent/Textures/T_Door_M.uasset" 22
"../../../../../../yhikishima-2/work/Unreal/Unreal-Engine/06.Paper2D/Paper2D/Content/MobileStarterContent/Textures/T_Door_N.uasset" 23
"../../../../../../yhikishima-2/work/Unreal/Unreal-Engine/06.Paper2D/Paper2D/Content/MobileStarterContent/Props/Materials/M_Door.uasset" 24
"../../../../../../yhikishima-2/work/Unreal/Unreal-Engine/06.Paper2D/Paper2D/Content/MobileStarterContent/Props/SM_Door.uasset" 25
"../../../../../../yhikishima-2/work/Unreal/Unreal-Engine/06.Paper2D/Paper2D/Content/MobileStarterContent/Props/Materials/M_MaterialSphere.uasset" 26
"../../../../../../yhikishima-2/work/Unreal/Unreal-Engine/06.Paper2D/Paper2D/Content/MobileStarterContent/Props/Materials/M_MaterialSphere_Plain.uasset" 27
"../../../../../../yhikishima-2/work/Unreal/Unreal-Engine/06.Paper2D/Paper2D/Content/MobileStarterContent/Props/SM_MatPreviewMesh_02.uasset" 28
"../../../../../../yhikishima-2/work/Unreal/Unreal-Engine/06.Paper2D/Paper2D/Content/MobileStarterContent/Textures/T_Chair_M.uasset" 29
"../../../../../../yhikishima-2/work/Unreal/Unreal-Engine/06.Paper2D/Paper2D/Content/MobileStarterContent/Textures/T_Chair_N.uasset" 30
"../../../../../../yhikishima-2/work/Unreal/Unreal-Engine/06.Paper2D/Paper2D/Content/MobileStarterContent/Props/Materials/M_Chair.uasset" 31
"../../../../../../yhikishima-2/work/Unreal/Unreal-Engine/06.Paper2D/Paper2D/Content/MobileStarterContent/Props/SM_Couch.uasset" 32
"../../../../../../yhikishima-2/work/Unreal/Unreal-Engine/06.Paper2D/Paper2D/Content/MobileStarterContent/Textures/T_Shelf_M.uasset" 33
"../../../../../../yhikishima-2/work/Unreal/Unreal-Engine/06.Paper2D/Paper2D/Content/MobileStarterContent/Textures/T_Shelf_N.uasset" 34
"../../../../../../yhikishima-2/work/Unreal/Unreal-Engine/06.Paper2D/Paper2D/Content/MobileStarterContent/Props/Materials/M_Shelf.uasset" 35
"../../../../../../yhikishima-2/work/Unreal/Unreal-Engine/06.Paper2D/Paper2D/Content/MobileStarterContent/Props/SM_Shelf.uasset" 36
"../../../../../../yhikishima-2/work/Unreal/Unreal-Engine/06.Paper2D/Paper2D/Content/MobileStarterContent/Textures/T_Rock_Basalt_D.uasset" 37
"../../../../../../yhikishima-2/work/Unreal/Unreal-Engine/06.Paper2D/Paper2D/Content/MobileStarterContent/Textures/T_RockMesh_M.uasset" 38
"../../../../../../yhikishima-2/work/Unreal/Unreal-Engine/06.Paper2D/Paper2D/Content/MobileStarterContent/Textures/T_RockMesh_N.uasset" 39
"../../../../../../yhikishima-2/work/Unreal/Unreal-Engine/06.Paper2D/Paper2D/Content/MobileStarterContent/Props/Materials/M_Rock.uasset" 40
"../../../../../../yhikishima-2/work/Unreal/Unreal-Engine/06.Paper2D/Paper2D/Content/MobileStarterContent/Props/SM_Rock.uasset" 41
"../../../../../../yhikishima-2/work/Unreal/Unreal-Engine/06.Paper2D/Paper2D/Content/MobileStarterContent/Props/SM_Stairs.uasset" 42
"../../../../../../yhikishima-2/work/Unreal/Unreal-Engine/06.Paper2D/Paper2D/Content/MobileStarterContent/Textures/T_Bush_D.uasset" 43
"../../../../../../yhikishima-2/work/Unreal/Unreal-Engine/06.Paper2D/Paper2D/Content/MobileStarterContent/Textures/T_Bush_N.uasset" 44
"../../../../../../yhikishima-2/work/Unreal/Unreal-Engine/06.Paper2D/Paper2D/Content/MobileStarterContent/Props/Materials/M_Bush.uasset" 45
"../../../../../../yhikishima-2/work/Unreal/Unreal-Engine/06.Paper2D/Paper2D/Content/MobileStarterContent/Props/SM_Bush.uasset" 46
"../../../../../../yhikishima-2/work/Unreal/Unreal-Engine/06.Paper2D/Paper2D/Content/MobileStarterContent/Materials/M_Basic_Wall.uasset" 47
"../../../../../../yhikishima-2/work/Unreal/Unreal-Engine/06.Paper2D/Paper2D/Content/MobileStarterContent/Shapes/Shape_Wedge_A.uasset" 48
"../../../../../../yhikishima-2/work/Unreal/Unreal-Engine/06.Paper2D/Paper2D/Content/MobileStarterContent/Shapes/Shape_WideCapsule.uasset" 49
"../../../../../../yhikishima-2/work/Unreal/Unreal-Engine/06.Paper2D/Paper2D/Content/MobileStarterContent/Shapes/Shape_Tube.uasset" 50
"../../../../../../yhikishima-2/work/Unreal/Unreal-Engine/06.Paper2D/Paper2D/Content/MobileStarterContent/Shapes/Shape_Cylinder.uasset" 51
"../../../../../../yhikishima-2/work/Unreal/Unreal-Engine/06.Paper2D/Paper2D/Content/MobileStarterContent/Shapes/Shape_TriPyramid.uasset" 52
"../../../../../../yhikishima-2/work/Unreal/Unreal-Engine/06.Paper2D/Paper2D/Content/MobileStarterContent/Shapes/Shape_Trim.uasset" 53
"../../../../../../yhikishima-2/work/Unreal/Unreal-Engine/06.Paper2D/Paper2D/Content/MobileStarterContent/Shapes/Shape_Plane.uasset" 54
"../../../../../../yhikishima-2/work/Unreal/Unreal-Engine/06.Paper2D/Paper2D/Content/MobileStarterContent/Shapes/Shape_Trim_90_Out.uasset" 55
"../../../../../../yhikishima-2/work/Unreal/Unreal-Engine/06.Paper2D/Paper2D/Content/MobileStarterContent/Shapes/Shape_Pipe_90.uasset" 56
"../../../../../../yhikishima-2/work/Unreal/Unreal-Engine/06.Paper2D/Paper2D/Content/MobileStarterContent/Shapes/Shape_Pipe_180.uasset" 57
"../../../../../../yhikishima-2/work/Unreal/Unreal-Engine/06.Paper2D/Paper2D/Content/MobileStarterContent/Shapes/Shape_Pipe.uasset" 58
"../../../../../../yhikishima-2/work/Unreal/Unreal-Engine/06.Paper2D/Paper2D/Content/MobileStarterContent/Shapes/Shape_Cone.uasset" 59
"../../../../../../yhikishima-2/work/Unreal/Unreal-Engine/06.Paper2D/Paper2D/Content/MobileStarterContent/Shapes/Shape_Wedge_B.uasset" 60
"../../../../../../yhikishima-2/work/Unreal/Unreal-Engine/06.Paper2D/Paper2D/Content/MobileStarterContent/Shapes/Shape_NarrowCapsule.uasset" 61
"../../../../../../yhikishima-2/work/Unreal/Unreal-Engine/06.Paper2D/Paper2D/Content/MobileStarterContent/Shapes/Shape_Trim_90_In.uasset" 62
"../../../../../../yhikishima-2/work/Unreal/Unreal-Engine/06.Paper2D/Paper2D/Content/MobileStarterContent/Shapes/Shape_Torus.uasset" 63
"../../../../../../yhikishima-2/work/Unreal/Unreal-Engine/06.Paper2D/Paper2D/Content/MobileStarterContent/Architecture/Wall_Door_400x400.uasset" 64
"../../../../../../yhikishima-2/work/Unreal/Unreal-Engine/06.Paper2D/Paper2D/Content/MobileStarterContent/Architecture/Wall_400x400.uasset" 65
"../../../../../../yhikishima-2/work/Unreal/Unreal-Engine/06.Paper2D/Paper2D/Content/MobileStarterContent/Architecture/Wall_500x500.uasset" 66
"../../../../../../yhikishima-2/work/Unreal/Unreal-Engine/06.Paper2D/Paper2D/Content/MobileStarterContent/Architecture/Pillar_50x500.uasset" 67
"../../../../../../yhikishima-2/work/Unreal/Unreal-Engine/06.Paper2D/Paper2D/Content/MobileStarterContent/Architecture/Wall_400x300.uasset" 68
"../../../../../../yhikishima-2/work/Unreal/Unreal-Engine/06.Paper2D/Paper2D/Content/MobileStarterContent/Architecture/Wall_Window_400x400.uasset" 69
"../../../../../../yhikishima-2/work/Unreal/Unreal-Engine/06.Paper2D/Paper2D/Content/MobileStarterContent/Audio/Light02.uasset" 70
"../../../../../../yhikishima-2/work/Unreal/Unreal-Engine/06.Paper2D/Paper2D/Content/MobileStarterContent/Audio/Light02_Cue.uasset" 71
"../../../../../../yhikishima-2/work/Unreal/Unreal-Engine/06.Paper2D/Paper2D/Content/MobileStarterContent/Audio/Light01.uasset" 72
"../../../../../../yhikishima-2/work/Unreal/Unreal-Engine/06.Paper2D/Paper2D/Content/MobileStarterContent/Audio/Light01_Cue.uasset" 73
"../../../../../../yhikishima-2/work/Unreal/Unreal-Engine/06.Paper2D/Paper2D/Content/MobileStarterContent/Audio/Steam01.uasset" 74
"../../../../../../yhikishima-2/work/Unreal/Unreal-Engine/06.Paper2D/Paper2D/Content/MobileStarterContent/Audio/Steam01_Cue.uasset" 75
"../../../Engine/Content/Maps/Templates/Thumbnails/Default.uasset" 76
"../../../Engine/Content/Maps/Templates/Thumbnails/VR-Basic.uasset" 77
"../../../Engine/Content/MobileResources/T_MobileControls_texture.uasset" 78
"../../../Engine/Content/MobileResources/T_MobileMenu2.uasset" 79
"../../../Engine/Content/MobileResources/HUD/MobileHUDDirectionPad3.uasset" 80
"../../../Engine/Content/MobileResources/HUD/MobileHUDButton2_off.uasset" 81
"../../../Engine/Content/MobileResources/HUD/MobileHUDButton3.uasset" 82
"../../../Engine/Content/MobileResources/HUD/T_Castle_ThumbstickInner.uasset" 83
"../../../Engine/Content/MobileResources/HUD/MobileHUDDirectionStick.uasset" 84
"../../../Engine/Content/MobileResources/HUD/VirtualJoystick_Background.uasset" 85
"../../../Engine/Content/MobileResources/HUD/VirtualJoystick_Thumb.uasset" 86
"../../../Engine/Content/MobileResources/HUD/DefaultVirtualJoysticks.uasset" 87
"../../../Engine/Content/MobileResources/HUD/T_Castle_ThumbstickOutter.uasset" 88
"../../../Engine/Content/MobileResources/HUD/MobileHUDButton2_on.uasset" 89
"../../../Engine/Content/MobileResources/HUD/MobileHUDDirectionPad2.uasset" 90
"../../../Engine/Content/MobileResources/HUD/MobileHUDDirectionPad.uasset" 91
"../../../Engine/Content/MobileResources/HUD/AnalogHat.uasset" 92
"../../../Engine/Content/MobileResources/HUD/MobileHUDButton1_on.uasset" 93
"../../../Engine/Content/MobileResources/HUD/MobileHUDButtonFire.uasset" 94
"../../../Engine/Content/MobileResources/HUD/LeftVirtualJoystickOnly.uasset" 95
"../../../Engine/Content/MobileResources/HUD/MobileHUDButton1_off.uasset" 96
"../../../Engine/Content/Tutorial/ContentIntroCurve.uasset" 97
"../../../Engine/Content/Tutorial/Basics/FeaturePacks.uasset" 98
"../../../Engine/Content/Tutorial/Basics/TutorialAssets/icon_tab_Levels_40x.uasset" 99
"../../../Engine/Content/Tutorial/Basics/LevelEditorOverview.uasset" 100
"../../../Engine/Content/Tutorial/Basics/LevelEditorAttract.uasset" 101
"../../../Engine/Content/Tutorial/SubEditors/StaticMeshEditorTutorial.uasset" 102
"../../../Engine/Content/Tutorial/SubEditors/MaterialEditorTutorial.uasset" 103
"../../../Engine/Content/Tutorial/SubEditors/TutorialAssets/TutorialMaterial.uasset" 104
"../../../Engine/Content/Tutorial/BlueprintTutorials/TutorialAssets/Blueprint_64x.uasset" 105
"../../../Engine/Content/Tutorial/BlueprintTutorials/LevelBlueprintEditorOverview.uasset" 106
"../../../Engine/Content/Tutorial/BlueprintTutorials/BlueprintEditorTutorial.uasset" 107
"../../../Engine/Content/Tutorial/Foliage/TutorialAssets/Foliage.uasset" 108
"../../../Engine/Content/Tutorial/Foliage/Foliage_Settings_Tutorial.uasset" 109
"../../../Engine/Content/Tutorial/Foliage/Foliage_Intro_Tutorial.uasset" 110
"../../../Engine/Content/Tutorial/Foliage/Foliage_Using_The_Tool_Tutorial.uasset" 111
"../../../Engine/Content/EditorBlueprintResources/StandardMacros.uasset" 112
"../../../Engine/Content/Tutorial/Landscape/TutorialAssets/Landscape.uasset" 113
"../../../Engine/Content/Tutorial/Landscape/Landscape_Painting_Mode.uasset" 114
"../../../Engine/Content/Tutorial/Landscape/Landscape_Manage_Mode.uasset" 115
"../../../Engine/Content/Tutorial/Landscape/Landscape_Sculpt_Mode.uasset" 116
"../../../Engine/Content/Tutorial/Landscape/LandscapeWalkThrough.uasset" 117
"../../../Engine/Content/EngineResources/DefaultTextureCube.uasset" 118
"../../../Engine/Content/EngineResources/DefaultTexture.uasset" 119
"../../../Engine/Content/EngineResources/Black.uasset" 120
"../../../Engine/Content/EngineResources/DefaultVolumeTexture2D.uasset" 121
"../../../Engine/Content/EngineResources/DefaultVolumeTexture.uasset" 122
"../../../Engine/Content/EngineResources/GradientTexture0.uasset" 123
"../../../Engine/Content/EditorLandscapeResources/DataLayer.uasset" 124
"../../../Engine/Content/EditorSounds/Notifications/CompileSuccess.uasset" 125
"../../../Engine/Content/EditorSounds/Notifications/CompileSuccess_Cue.uasset" 126
"../../../Engine/Content/EditorSounds/Notifications/CompileFailed.uasset" 127
"../../../Engine/Content/EditorSounds/Notifications/CompileFailed_Cue.uasset" 128
"../../../Engine/Content/EditorSounds/Notifications/CompileStart_Cue.uasset" 129
"../../../Engine/Content/EditorMaterials/Camera/CineMat.uasset" 130
"../../../Engine/Content/EditorMaterials/Camera/MI_CineMat_Rig.uasset" 131
"../../../Engine/Content/EditorMeshes/Camera/SM_CraneRig_Body.uasset" 132
"../../../Engine/Content/EditorMeshes/Camera/SM_RailRig_Mount.uasset" 133
"../../../Engine/Content/EditorMeshes/Camera/SM_CraneRig_Base.uasset" 134
"../../../Engine/Content/EditorMeshes/Camera/SM_CraneRig_Mount.uasset" 135
"../../../Engine/Content/EditorMeshes/Camera/SM_CraneRig_Arm.uasset" 136
"../../../Engine/Content/EditorMeshes/Camera/SM_RailRig_Track.uasset" 137
"../../../Engine/Content/EngineFonts/Faces/RobotoTiny.uasset" 138
"../../../Engine/Content/EngineFonts/RobotoTiny.uasset" 139
"../../../Engine/Content/EngineFonts/Faces/RobotoBold.uasset" 140
"../../../Engine/Content/EngineFonts/Faces/RobotoBoldItalic.uasset" 141
"../../../Engine/Content/EngineFonts/Faces/RobotoItalic.uasset" 142
"../../../Engine/Content/EngineFonts/Faces/RobotoLight.uasset" 143
"../../../Engine/Content/EngineFonts/Faces/RobotoRegular.uasset" 144
"../../../Engine/Content/EngineFonts/Roboto.uasset" 145
"../../../Engine/Content/EngineDamageTypes/DmgTypeBP_Environmental.uasset" 146
"../../../Engine/Content/Functions/Engine_MaterialFunctions01/Opacity/CameraDepthFade.uasset" 147
"../../../Engine/Content/EngineMaterials/T_Default_Material_Grid_M.uasset" 148
"../../../Engine/Content/EngineMaterials/T_Default_Material_Grid_N.uasset" 149
"../../../Engine/Content/EngineMaterials/WorldGridMaterial.uasset" 150
"../../../Engine/Content/ArtTools/RenderToTexture/Meshes/S_1_Unit_Plane.uasset" 151
"../../../Engine/Content/Animation/DefaultAnimCurveCompressionSettings.uasset" 152
"../../../Engine/Content/EngineResources/WhiteSquareTexture.uasset" 153
"../../../Engine/Content/EngineMaterials/Widget3DPassThrough.uasset" 154
"../../../Engine/Content/EngineMaterials/Widget3DPassThrough_Masked.uasset" 155
"../../../Engine/Content/EngineMaterials/WeightMapPlaceholderTexture.uasset" 156
"../../../Engine/Content/EngineMaterials/Widget3DPassThrough_Translucent.uasset" 157
"../../../Engine/Content/EngineMaterials/Widget3DPassThrough_Translucent_OneSided.uasset" 158
"../../../Engine/Content/EngineMaterials/EditorBrushMaterial.uasset" 159
"../../../Engine/Content/Functions/Engine_MaterialFunctions02/WorldPositionOffset/CameraOffset.uasset" 160
"../../../Engine/Content/EngineMaterials/PhAT_JointLimitMaterial.uasset" 161
"../../../Engine/Content/EngineMaterials/Widget3DPassThrough_Opaque.uasset" 162
"../../../Engine/Content/EngineMaterials/Widget3DPassThrough_Masked_OneSided.uasset" 163
"../../../Engine/Content/EngineMaterials/Good64x64TilingNoiseHighFreq.uasset" 164
"../../../Engine/Content/EngineMaterials/DefaultBloomKernel.uasset" 165
"../../../Engine/Content/EngineMaterials/RemoveSurfaceMaterial.uasset" 166
"../../../Engine/Content/EngineMaterials/DefaultDiffuse.uasset" 167
"../../../Engine/Content/EngineMaterials/DefaultDeferredDecalMaterial.uasset" 168
"../../../Engine/Content/Functions/Engine_MaterialFunctions02/Utility/BreakOutFloat2Components.uasset" 169
"../../../Engine/Content/EngineMaterials/DefaultPostProcessMaterial.uasset" 170
"../../../Engine/Content/EngineMaterials/DefaultPhysicalMaterial.uasset" 171
"../../../Engine/Content/EngineMaterials/BaseFlattenDiffuseMap.uasset" 172
"../../../Engine/Content/EngineMaterials/BaseFlattenEmissiveMap.uasset" 173
"../../../Engine/Content/EngineMaterials/BaseFlattenGrayscaleMap.uasset" 174
"../../../Engine/Content/EngineMaterials/BaseFlattenNormalMap.uasset" 175
"../../../Engine/Content/EngineMaterials/BaseFlattenMaterial.uasset" 176
"../../../Engine/Content/EngineMaterials/InvalidLightmapSettings.uasset" 177
"../../../Engine/Content/EngineMaterials/M_InvalidLightmapSettings.uasset" 178
"../../../Engine/Content/EngineFonts/RobotoDistanceField.uasset" 179
"../../../Engine/Content/EngineMaterials/DefaultTextMaterialOpaque.uasset" 180
"../../../Engine/Content/EngineMaterials/PreintegratedSkinBRDF.uasset" 181
"../../../Engine/Content/EngineMaterials/Widget3DPassThrough_Opaque_OneSided.uasset" 182
"../../../Engine/Content/EngineMaterials/DefaultBokeh.uasset" 183
"../../../Engine/Content/EngineMaterials/DefaultLightFunctionMaterial.uasset" 184
"../../../Engine/Content/EngineMaterials/MiniFont.uasset" 185
"../../../Engine/Content/EngineMaterials/DefaultWhiteGrid.uasset" 186
"../../../Engine/Content/EngineDebugMaterials/DebugEditorMaterial.uasset" 187
"../../../Engine/Content/EngineDebugMaterials/GeomMaterial.uasset" 188
"../../../Engine/Content/EngineDebugMaterials/HeatmapGradient.uasset" 189
"../../../Engine/Content/EngineDebugMaterials/BoneWeightMaterial.uasset" 190
"../../../Engine/Content/EngineDebugMaterials/ClothMaterial.uasset" 191
"../../../Engine/Content/EngineDebugMaterials/ClothMaterial_WF.uasset" 192
"../../../Engine/Content/EngineDebugMaterials/DebugMeshMaterial.uasset" 193
"../../../Engine/Content/EngineDebugMaterials/M_SimpleTranslucent.uasset" 194
"../../../Engine/Content/EditorResources/S_Note.uasset" 195
"../../../Engine/Content/EditorResources/S_Trigger.uasset" 196
"../../../Engine/Content/EditorResources/S_Actor.uasset" 197
"../../../Engine/Content/EditorResources/EmptyActor.uasset" 198
"../../../Engine/Content/EditorResources/BSPVertex.uasset" 199
"../../../Engine/Content/EditorResources/SequenceRecorder/Countdown.uasset" 200
"../../../Engine/Content/EditorResources/SequenceRecorder/RecordingIndicator.uasset" 201
"../../../Engine/Content/EditorResources/AudioIcons/S_AudioComponent_AutoActivate.uasset" 202
"../../../Engine/Content/EditorResources/AudioIcons/S_AudioComponent.uasset" 203
"../../../Engine/Content/EditorResources/LightIcons/S_LightError.uasset" 204
"../../../Engine/Content/EngineMaterials/DefaultMaterial.uasset" 205
"../../../Engine/Content/BasicShapes/Cone.uasset" 206
"../../../Engine/Content/BasicShapes/Cube.uasset" 207
"../../../Engine/Content/BasicShapes/Cylinder.uasset" 208
"../../../Engine/Content/BasicShapes/Plane.uasset" 209
"../../../Engine/Content/BasicShapes/Sphere.uasset" 210
"../../../Engine/Content/Functions/Engine_MaterialFunctions01/Shading/ConvertFromDiffSpec.uasset" 211
"../../../Engine/Content/Functions/Engine_MaterialFunctions01/Shading/PowerToRoughness.uasset" 212
"../../../Engine/Content/EditorMaterials/PreviewShadowIndicator.uasset" 213
"../../../Engine/Content/EditorMaterials/PreviewShadowIndicatorMaterial.uasset" 214
"../../../Engine/Content/EditorMaterials/GizmoMaterial.uasset" 215
"../../../Engine/Content/EditorMaterials/MAT_Groups_Toggle.uasset" 216
"../../../Engine/Content/EditorMaterials/MAT_Groups_Visibility.uasset" 217
"../../../Engine/Content/EditorMaterials/ParticleSystems/PSysThumbnail_NoImage.uasset" 218
"../../../Engine/Content/EditorMaterials/ParticleSystems/PSysThumbnail_OOD.uasset" 219
"../../../Engine/Content/EditorMaterials/MatineeGroups/MAT_Groups_Vector.uasset" 220
"../../../Engine/Content/EditorMaterials/MatineeGroups/MAT_ColorTrack.uasset" 221
"../../../Engine/Content/EditorMaterials/MatineeGroups/MAT_Groups_AudioMaster.uasset" 222
"../../../Engine/Content/EditorMaterials/MatineeGroups/MAT_Groups_Sound.uasset" 223
"../../../Engine/Content/EditorMaterials/MatineeGroups/MAT_Groups_Float.uasset" 224
"../../../Engine/Content/EditorMaterials/MatineeGroups/MAT_Groups_Director.uasset" 225
"../../../Engine/Content/EditorMaterials/MatineeGroups/MAT_Groups_Move.uasset" 226
"../../../Engine/Content/EditorMaterials/MatineeGroups/MAT_Groups_Event.uasset" 227
"../../../Engine/Content/EditorMaterials/MatineeGroups/MAT_Groups_Fade.uasset" 228
"../../../Engine/Content/EditorMaterials/MatineeGroups/MAT_Groups_Anim.uasset" 229
"../../../Engine/Content/EditorMaterials/MatineeGroups/MAT_Groups_Slomo.uasset" 230
"../../../Engine/Content/EngineSounds/Master.uasset" 231
"../../../Engine/Content/EngineMeshes/Cube.uasset" 232
"../../../Engine/Content/EngineMeshes/Cylinder.uasset" 233
"../../../Engine/Content/EngineMeshes/Sphere.uasset" 234
"../../../Engine/Content/VREditor/LaserPointer/VR_LaserPower_01.uasset" 235
"../../../Engine/Content/VREditor/TransformGizmo/TransformGizmoMaterial.uasset" 236
"../../../Engine/Content/VREditor/TransformGizmo/TranslucentTransformGizmoMaterial.uasset" 237
"../../../Engine/Content/VREditor/TransformGizmo/PlaneTranslationHandle.uasset" 238
"../../../Engine/Content/VREditor/TransformGizmo/Main.uasset" 239
"../../../Engine/Content/VREditor/TransformGizmo/Xray.uasset" 240
"../../../Engine/Content/VREditor/TransformGizmo/SM_Sequencer_Key.uasset" 241
"../../../Engine/Content/VREditor/TransformGizmo/BoundingBoxCorner.uasset" 242
"../../../Engine/Content/VREditor/TransformGizmo/SM_Sequencer_Node.uasset" 243
"../../../Engine/Content/VREditor/TransformGizmo/BoundingBoxEdge.uasset" 244
"../../Plugins/2D/Paper2D/Content/PlaceholderTextures/DummySpriteTexture.uasset" 245
"../../Plugins/2D/Paper2D/Content/DummySpriteTexture.uasset" 246
"../../Plugins/2D/Paper2D/Content/DefaultSpriteMaterial.uasset" 247
"../../Plugins/2D/Paper2D/Content/OpaqueUnlitSpriteMaterial.uasset" 248
"../../Plugins/2D/Paper2D/Content/DummySprite.uasset" 249
"../../Plugins/2D/Paper2D/Content/DefaultPaperTerrainMaterial.uasset" 250
"../../Plugins/2D/Paper2D/Content/MaskedUnlitSpriteMaterial.uasset" 251
"../../../../../../yhikishima-2/work/Unreal/Unreal-Engine/06.Paper2D/Paper2D/Content/MobileStarterContent/Audio/Fire01.uasset" 252
"../../../../../../yhikishima-2/work/Unreal/Unreal-Engine/06.Paper2D/Paper2D/Content/MobileStarterContent/Audio/Fire01_Cue.uasset" 253
"../../../../../../yhikishima-2/work/Unreal/Unreal-Engine/06.Paper2D/Paper2D/Content/MobileStarterContent/Textures/T_Fire_SubUV.uasset" 254
"../../../../../../yhikishima-2/work/Unreal/Unreal-Engine/06.Paper2D/Paper2D/Content/MobileStarterContent/Textures/T_Fire_Tiled_D.uasset" 255
"../../../../../../yhikishima-2/work/Unreal/Unreal-Engine/06.Paper2D/Paper2D/Content/MobileStarterContent/Particles/Materials/M_Fire_SubUV.uasset" 256
"../../../../../../yhikishima-2/work/Unreal/Unreal-Engine/06.Paper2D/Paper2D/Content/MobileStarterContent/Particles/Materials/M_Radial_Gradient.uasset" 257
"../../../../../../yhikishima-2/work/Unreal/Unreal-Engine/06.Paper2D/Paper2D/Content/MobileStarterContent/Particles/P_Fire.uasset" 258
"../../../../../../yhikishima-2/work/Unreal/Unreal-Engine/06.Paper2D/Paper2D/Content/MobileStarterContent/Blueprints/Blueprint_Effect_Fire.uasset" 259
"../../../../../../yhikishima-2/work/Unreal/Unreal-Engine/06.Paper2D/Paper2D/Content/MobileStarterContent/Audio/Smoke01.uasset" 260
"../../../../../../yhikishima-2/work/Unreal/Unreal-Engine/06.Paper2D/Paper2D/Content/MobileStarterContent/Audio/Smoke01_Cue.uasset" 261
"../../../../../../yhikishima-2/work/Unreal/Unreal-Engine/06.Paper2D/Paper2D/Content/MobileStarterContent/Particles/P_Smoke.uasset" 262
"../../../../../../yhikishima-2/work/Unreal/Unreal-Engine/06.Paper2D/Paper2D/Content/MobileStarterContent/Blueprints/Blueprint_Effect_Smoke.uasset" 263
"../../../../../../yhikishima-2/work/Unreal/Unreal-Engine/06.Paper2D/Paper2D/Content/MobileStarterContent/Audio/Fire_Sparks01.uasset" 264
"../../../../../../yhikishima-2/work/Unreal/Unreal-Engine/06.Paper2D/Paper2D/Content/MobileStarterContent/Audio/Fire_Sparks01_Cue.uasset" 265
"../../../../../../yhikishima-2/work/Unreal/Unreal-Engine/06.Paper2D/Paper2D/Content/MobileStarterContent/Textures/T_Spark_Core.uasset" 266
"../../../../../../yhikishima-2/work/Unreal/Unreal-Engine/06.Paper2D/Paper2D/Content/MobileStarterContent/Particles/Materials/M_Spark.uasset" 267
"../../../../../../yhikishima-2/work/Unreal/Unreal-Engine/06.Paper2D/Paper2D/Content/MobileStarterContent/Particles/P_Sparks.uasset" 268
"../../../../../../yhikishima-2/work/Unreal/Unreal-Engine/06.Paper2D/Paper2D/Content/MobileStarterContent/Blueprints/Blueprint_Effect_Sparks.uasset" 269
"../../../Engine/Content/EngineSky/C_Sky_Cloud_Color.uasset" 270
"../../../Engine/Content/EngineSky/C_Sky_Horizon_Color.uasset" 271
"../../../Engine/Content/EngineSky/C_Sky_Zenith_Color.uasset" 272
"../../../Engine/Content/EngineSky/T_Sky_Blue.uasset" 273
"../../../Engine/Content/EngineSky/T_Sky_Clouds_M.uasset" 274
"../../../Engine/Content/EngineSky/T_Sky_Stars.uasset" 275
"../../../Engine/Content/EngineSky/M_Sky_Panning_Clouds2.uasset" 276
"../../../Engine/Content/EngineSky/SM_SkySphere.uasset" 277
"../../../Engine/Content/EngineSky/BP_Sky_Sphere.uasset" 278
"../../../../../../yhikishima-2/work/Unreal/Unreal-Engine/06.Paper2D/Paper2D/Content/MobileStarterContent/Textures/T_Lamp_M.uasset" 279
"../../../../../../yhikishima-2/work/Unreal/Unreal-Engine/06.Paper2D/Paper2D/Content/MobileStarterContent/Textures/T_Lamp_N.uasset" 280
"../../../../../../yhikishima-2/work/Unreal/Unreal-Engine/06.Paper2D/Paper2D/Content/MobileStarterContent/Props/Materials/M_Lamp.uasset" 281
"../../../../../../yhikishima-2/work/Unreal/Unreal-Engine/06.Paper2D/Paper2D/Content/MobileStarterContent/Props/SM_Lamp_Ceiling.uasset" 282
"../../../../../../yhikishima-2/work/Unreal/Unreal-Engine/06.Paper2D/Paper2D/Content/MobileStarterContent/Blueprints/Blueprint_CeilingLight.uasset" 283
"../../../../../../yhikishima-2/work/Unreal/Unreal-Engine/06.Paper2D/Paper2D/Content/MobileStarterContent/Props/SM_Lamp_Wall.uasset" 284
"../../../../../../yhikishima-2/work/Unreal/Unreal-Engine/06.Paper2D/Paper2D/Content/MobileStarterContent/Blueprints/Blueprint_WallSconce.uasset" 285
"../../../../../../yhikishima-2/work/Unreal/Unreal-Engine/06.Paper2D/Paper2D/Content/MobileStarterContent/Maps/StarterMap_BuiltData.uasset" 286
"../../../../../../yhikishima-2/work/Unreal/Unreal-Engine/06.Paper2D/Paper2D/Content/MobileStarterContent/Textures/T_Brick_Clay_Beveled_D.uasset" 287
"../../../../../../yhikishima-2/work/Unreal/Unreal-Engine/06.Paper2D/Paper2D/Content/MobileStarterContent/Textures/T_Brick_Clay_Beveled_M.uasset" 288
"../../../../../../yhikishima-2/work/Unreal/Unreal-Engine/06.Paper2D/Paper2D/Content/MobileStarterContent/Textures/T_Brick_Clay_Beveled_N.uasset" 289
"../../../../../../yhikishima-2/work/Unreal/Unreal-Engine/06.Paper2D/Paper2D/Content/MobileStarterContent/Materials/M_Brick_Clay_Beveled.uasset" 290
"../../../../../../yhikishima-2/work/Unreal/Unreal-Engine/06.Paper2D/Paper2D/Content/MobileStarterContent/Textures/T_Brick_Clay_New_D.uasset" 291
"../../../../../../yhikishima-2/work/Unreal/Unreal-Engine/06.Paper2D/Paper2D/Content/MobileStarterContent/Textures/T_Brick_Clay_New_M.uasset" 292
"../../../../../../yhikishima-2/work/Unreal/Unreal-Engine/06.Paper2D/Paper2D/Content/MobileStarterContent/Textures/T_Brick_Clay_New_N.uasset" 293
"../../../../../../yhikishima-2/work/Unreal/Unreal-Engine/06.Paper2D/Paper2D/Content/MobileStarterContent/Materials/M_Brick_Clay_New.uasset" 294
"../../../../../../yhikishima-2/work/Unreal/Unreal-Engine/06.Paper2D/Paper2D/Content/MobileStarterContent/Textures/T_Brick_Clay_Old_D.uasset" 295
"../../../../../../yhikishima-2/work/Unreal/Unreal-Engine/06.Paper2D/Paper2D/Content/MobileStarterContent/Textures/T_Brick_Clay_Old_N.uasset" 296
"../../../../../../yhikishima-2/work/Unreal/Unreal-Engine/06.Paper2D/Paper2D/Content/MobileStarterContent/Materials/M_Brick_Clay_Old.uasset" 297
"../../../../../../yhikishima-2/work/Unreal/Unreal-Engine/06.Paper2D/Paper2D/Content/MobileStarterContent/Textures/T_Brick_Cut_Stone_D.uasset" 298
"../../../../../../yhikishima-2/work/Unreal/Unreal-Engine/06.Paper2D/Paper2D/Content/MobileStarterContent/Textures/T_Brick_Cut_Stone_N.uasset" 299
"../../../../../../yhikishima-2/work/Unreal/Unreal-Engine/06.Paper2D/Paper2D/Content/MobileStarterContent/Materials/M_Brick_Cut_Stone.uasset" 300
"../../../../../../yhikishima-2/work/Unreal/Unreal-Engine/06.Paper2D/Paper2D/Content/MobileStarterContent/Textures/T_Brick_Hewn_Stone_D.uasset" 301
"../../../../../../yhikishima-2/work/Unreal/Unreal-Engine/06.Paper2D/Paper2D/Content/MobileStarterContent/Textures/T_Brick_Hewn_Stone_M.uasset" 302
"../../../../../../yhikishima-2/work/Unreal/Unreal-Engine/06.Paper2D/Paper2D/Content/MobileStarterContent/Textures/T_Brick_Hewn_Stone_N.uasset" 303
"../../../../../../yhikishima-2/work/Unreal/Unreal-Engine/06.Paper2D/Paper2D/Content/MobileStarterContent/Materials/M_Brick_Hewn_Stone.uasset" 304
"../../../../../../yhikishima-2/work/Unreal/Unreal-Engine/06.Paper2D/Paper2D/Content/MobileStarterContent/Textures/T_Ceramic_Tile_M.uasset" 305
"../../../../../../yhikishima-2/work/Unreal/Unreal-Engine/06.Paper2D/Paper2D/Content/MobileStarterContent/Textures/T_Ceramic_Tile_N.uasset" 306
"../../../../../../yhikishima-2/work/Unreal/Unreal-Engine/06.Paper2D/Paper2D/Content/MobileStarterContent/Textures/T_Rock_Marble_Polished_D.uasset" 307
"../../../../../../yhikishima-2/work/Unreal/Unreal-Engine/06.Paper2D/Paper2D/Content/MobileStarterContent/Materials/M_Ceramic_Tile_Checker.uasset" 308
"../../../../../../yhikishima-2/work/Unreal/Unreal-Engine/06.Paper2D/Paper2D/Content/MobileStarterContent/Textures/T_CobbleStone_Pebble_D.uasset" 309
"../../../../../../yhikishima-2/work/Unreal/Unreal-Engine/06.Paper2D/Paper2D/Content/MobileStarterContent/Textures/T_CobbleStone_Pebble_N.uasset" 310
"../../../../../../yhikishima-2/work/Unreal/Unreal-Engine/06.Paper2D/Paper2D/Content/MobileStarterContent/Materials/M_CobbleStone_Pebble.uasset" 311
"../../../../../../yhikishima-2/work/Unreal/Unreal-Engine/06.Paper2D/Paper2D/Content/MobileStarterContent/Textures/T_CobbleStone_Rough_D.uasset" 312
"../../../../../../yhikishima-2/work/Unreal/Unreal-Engine/06.Paper2D/Paper2D/Content/MobileStarterContent/Textures/T_CobbleStone_Rough_N.uasset" 313
"../../../../../../yhikishima-2/work/Unreal/Unreal-Engine/06.Paper2D/Paper2D/Content/MobileStarterContent/Materials/M_CobbleStone_Rough.uasset" 314
"../../../../../../yhikishima-2/work/Unreal/Unreal-Engine/06.Paper2D/Paper2D/Content/MobileStarterContent/Textures/T_CobbleStone_Smooth_D.uasset" 315
"../../../../../../yhikishima-2/work/Unreal/Unreal-Engine/06.Paper2D/Paper2D/Content/MobileStarterContent/Textures/T_CobbleStone_Smooth_M.uasset" 316
"../../../../../../yhikishima-2/work/Unreal/Unreal-Engine/06.Paper2D/Paper2D/Content/MobileStarterContent/Textures/T_CobbleStone_Smooth_N.uasset" 317
"../../../../../../yhikishima-2/work/Unreal/Unreal-Engine/06.Paper2D/Paper2D/Content/MobileStarterContent/Materials/M_CobbleStone_Smooth.uasset" 318
"../../../../../../yhikishima-2/work/Unreal/Unreal-Engine/06.Paper2D/Paper2D/Content/MobileStarterContent/Textures/T_Concrete_Grime_D.uasset" 319
"../../../../../../yhikishima-2/work/Unreal/Unreal-Engine/06.Paper2D/Paper2D/Content/MobileStarterContent/Textures/T_Metal_Rust_N.uasset" 320
"../../../../../../yhikishima-2/work/Unreal/Unreal-Engine/06.Paper2D/Paper2D/Content/MobileStarterContent/Materials/M_Concrete_Grime.uasset" 321
"../../../../../../yhikishima-2/work/Unreal/Unreal-Engine/06.Paper2D/Paper2D/Content/MobileStarterContent/Textures/T_Concrete_Panels_D.uasset" 322
"../../../../../../yhikishima-2/work/Unreal/Unreal-Engine/06.Paper2D/Paper2D/Content/MobileStarterContent/Textures/T_Concrete_Panels_N.uasset" 323
"../../../../../../yhikishima-2/work/Unreal/Unreal-Engine/06.Paper2D/Paper2D/Content/MobileStarterContent/Materials/M_Concrete_Panels.uasset" 324
"../../../../../../yhikishima-2/work/Unreal/Unreal-Engine/06.Paper2D/Paper2D/Content/MobileStarterContent/Textures/T_Concrete_Poured_D.uasset" 325
"../../../../../../yhikishima-2/work/Unreal/Unreal-Engine/06.Paper2D/Paper2D/Content/MobileStarterContent/Textures/T_Concrete_Poured_N.uasset" 326
"../../../../../../yhikishima-2/work/Unreal/Unreal-Engine/06.Paper2D/Paper2D/Content/MobileStarterContent/Materials/M_Concrete_Poured.uasset" 327
"../../../../../../yhikishima-2/work/Unreal/Unreal-Engine/06.Paper2D/Paper2D/Content/MobileStarterContent/Textures/T_Concrete_Tiles_D.uasset" 328
"../../../../../../yhikishima-2/work/Unreal/Unreal-Engine/06.Paper2D/Paper2D/Content/MobileStarterContent/Textures/T_Concrete_Tiles_M.uasset" 329
"../../../../../../yhikishima-2/work/Unreal/Unreal-Engine/06.Paper2D/Paper2D/Content/MobileStarterContent/Textures/T_Concrete_Tiles_N.uasset" 330
"../../../../../../yhikishima-2/work/Unreal/Unreal-Engine/06.Paper2D/Paper2D/Content/MobileStarterContent/Materials/M_Concrete_Tiles.uasset" 331
"../../../../../../yhikishima-2/work/Unreal/Unreal-Engine/06.Paper2D/Paper2D/Content/MobileStarterContent/Textures/T_Ground_Grass_D.uasset" 332
"../../../../../../yhikishima-2/work/Unreal/Unreal-Engine/06.Paper2D/Paper2D/Content/MobileStarterContent/Textures/T_Ground_Grass_N.uasset" 333
"../../../../../../yhikishima-2/work/Unreal/Unreal-Engine/06.Paper2D/Paper2D/Content/MobileStarterContent/Materials/M_Ground_Grass.uasset" 334
"../../../../../../yhikishima-2/work/Unreal/Unreal-Engine/06.Paper2D/Paper2D/Content/MobileStarterContent/Textures/T_Ground_Gravel_D.uasset" 335
"../../../../../../yhikishima-2/work/Unreal/Unreal-Engine/06.Paper2D/Paper2D/Content/MobileStarterContent/Textures/T_Ground_Gravel_N.uasset" 336
"../../../../../../yhikishima-2/work/Unreal/Unreal-Engine/06.Paper2D/Paper2D/Content/MobileStarterContent/Materials/M_Ground_Gravel.uasset" 337
"../../../../../../yhikishima-2/work/Unreal/Unreal-Engine/06.Paper2D/Paper2D/Content/MobileStarterContent/Textures/T_ground_Moss_D.uasset" 338
"../../../../../../yhikishima-2/work/Unreal/Unreal-Engine/06.Paper2D/Paper2D/Content/MobileStarterContent/Textures/T_Ground_Moss_N.uasset" 339
"../../../../../../yhikishima-2/work/Unreal/Unreal-Engine/06.Paper2D/Paper2D/Content/MobileStarterContent/Materials/M_Ground_Moss.uasset" 340
"../../../../../../yhikishima-2/work/Unreal/Unreal-Engine/06.Paper2D/Paper2D/Content/MobileStarterContent/Textures/T_MacroVariation.uasset" 341
"../../../../../../yhikishima-2/work/Unreal/Unreal-Engine/06.Paper2D/Paper2D/Content/MobileStarterContent/Materials/M_Metal_Brushed_Nickel.uasset" 342
"../../../../../../yhikishima-2/work/Unreal/Unreal-Engine/06.Paper2D/Paper2D/Content/MobileStarterContent/Textures/T_Metal_Aluminum_D.uasset" 343
"../../../../../../yhikishima-2/work/Unreal/Unreal-Engine/06.Paper2D/Paper2D/Content/MobileStarterContent/Textures/T_Metal_Gold_N.uasset" 344
"../../../../../../yhikishima-2/work/Unreal/Unreal-Engine/06.Paper2D/Paper2D/Content/MobileStarterContent/Materials/M_Metal_Burnished_Steel.uasset" 345
"../../../../../../yhikishima-2/work/Unreal/Unreal-Engine/06.Paper2D/Paper2D/Content/MobileStarterContent/Materials/M_Metal_Chrome.uasset" 346
"../../../../../../yhikishima-2/work/Unreal/Unreal-Engine/06.Paper2D/Paper2D/Content/MobileStarterContent/Textures/T_Metal_Copper_D.uasset" 347
"../../../../../../yhikishima-2/work/Unreal/Unreal-Engine/06.Paper2D/Paper2D/Content/MobileStarterContent/Materials/M_Metal_Copper.uasset" 348
"../../../../../../yhikishima-2/work/Unreal/Unreal-Engine/06.Paper2D/Paper2D/Content/MobileStarterContent/Textures/T_Metal_Gold_D.uasset" 349
"../../../../../../yhikishima-2/work/Unreal/Unreal-Engine/06.Paper2D/Paper2D/Content/MobileStarterContent/Materials/M_Metal_Gold.uasset" 350
"../../../../../../yhikishima-2/work/Unreal/Unreal-Engine/06.Paper2D/Paper2D/Content/MobileStarterContent/Textures/T_Metal_Rust_D.uasset" 351
"../../../../../../yhikishima-2/work/Unreal/Unreal-Engine/06.Paper2D/Paper2D/Content/MobileStarterContent/Materials/M_Metal_Rust.uasset" 352
"../../../../../../yhikishima-2/work/Unreal/Unreal-Engine/06.Paper2D/Paper2D/Content/MobileStarterContent/Textures/T_Metal_Steel_D.uasset" 353
"../../../../../../yhikishima-2/work/Unreal/Unreal-Engine/06.Paper2D/Paper2D/Content/MobileStarterContent/Textures/T_Metal_Steel_N.uasset" 354
"../../../../../../yhikishima-2/work/Unreal/Unreal-Engine/06.Paper2D/Paper2D/Content/MobileStarterContent/Materials/M_Metal_Steel.uasset" 355
"../../../../../../yhikishima-2/work/Unreal/Unreal-Engine/06.Paper2D/Paper2D/Content/MobileStarterContent/Textures/T_Rock_Basalt_N.uasset" 356
"../../../../../../yhikishima-2/work/Unreal/Unreal-Engine/06.Paper2D/Paper2D/Content/MobileStarterContent/Materials/M_Rock_Basalt.uasset" 357
"../../../../../../yhikishima-2/work/Unreal/Unreal-Engine/06.Paper2D/Paper2D/Content/MobileStarterContent/Materials/M_Rock_Marble_Polished.uasset" 358
"../../../../../../yhikishima-2/work/Unreal/Unreal-Engine/06.Paper2D/Paper2D/Content/MobileStarterContent/Textures/T_Rock_Sandstone_D.uasset" 359
"../../../../../../yhikishima-2/work/Unreal/Unreal-Engine/06.Paper2D/Paper2D/Content/MobileStarterContent/Textures/T_Rock_Sandstone_N.uasset" 360
"../../../../../../yhikishima-2/work/Unreal/Unreal-Engine/06.Paper2D/Paper2D/Content/MobileStarterContent/Materials/M_Rock_Sandstone.uasset" 361
"../../../../../../yhikishima-2/work/Unreal/Unreal-Engine/06.Paper2D/Paper2D/Content/MobileStarterContent/Textures/T_Rock_Slate_D.uasset" 362
"../../../../../../yhikishima-2/work/Unreal/Unreal-Engine/06.Paper2D/Paper2D/Content/MobileStarterContent/Textures/T_Rock_Slate_N.uasset" 363
"../../../../../../yhikishima-2/work/Unreal/Unreal-Engine/06.Paper2D/Paper2D/Content/MobileStarterContent/Materials/M_Rock_Slate.uasset" 364
"../../../../../../yhikishima-2/work/Unreal/Unreal-Engine/06.Paper2D/Paper2D/Content/MobileStarterContent/Textures/T_Checker_Noise_M.uasset" 365
"../../../../../../yhikishima-2/work/Unreal/Unreal-Engine/06.Paper2D/Paper2D/Content/MobileStarterContent/Textures/T_Single_Tile_N.uasset" 366
"../../../../../../yhikishima-2/work/Unreal/Unreal-Engine/06.Paper2D/Paper2D/Content/MobileStarterContent/Textures/T_Tech_Dot_M.uasset" 367
"../../../../../../yhikishima-2/work/Unreal/Unreal-Engine/06.Paper2D/Paper2D/Content/MobileStarterContent/Textures/T_Tech_Dot_N.uasset" 368
"../../../../../../yhikishima-2/work/Unreal/Unreal-Engine/06.Paper2D/Paper2D/Content/MobileStarterContent/Materials/M_Tech_Checker_Dot.uasset" 369
"../../../../../../yhikishima-2/work/Unreal/Unreal-Engine/06.Paper2D/Paper2D/Content/MobileStarterContent/Textures/T_Tech_Hex_Tile_M.uasset" 370
"../../../../../../yhikishima-2/work/Unreal/Unreal-Engine/06.Paper2D/Paper2D/Content/MobileStarterContent/Textures/T_Tech_Hex_Tile_N.uasset" 371
"../../../../../../yhikishima-2/work/Unreal/Unreal-Engine/06.Paper2D/Paper2D/Content/MobileStarterContent/Materials/M_Tech_Hex_Tile.uasset" 372
"../../../../../../yhikishima-2/work/Unreal/Unreal-Engine/06.Paper2D/Paper2D/Content/MobileStarterContent/Materials/M_Tech_Hex_Tile_Pulse.uasset" 373
"../../../../../../yhikishima-2/work/Unreal/Unreal-Engine/06.Paper2D/Paper2D/Content/MobileStarterContent/Textures/T_Tech_Panel_M.uasset" 374
"../../../../../../yhikishima-2/work/Unreal/Unreal-Engine/06.Paper2D/Paper2D/Content/MobileStarterContent/Textures/T_Tech_Panel_N.uasset" 375
"../../../../../../yhikishima-2/work/Unreal/Unreal-Engine/06.Paper2D/Paper2D/Content/MobileStarterContent/Materials/M_Tech_Panel.uasset" 376
"../../../../../../yhikishima-2/work/Unreal/Unreal-Engine/06.Paper2D/Paper2D/Content/MobileStarterContent/Textures/T_Water_N.uasset" 377
"../../../../../../yhikishima-2/work/Unreal/Unreal-Engine/06.Paper2D/Paper2D/Content/MobileStarterContent/Materials/M_Water_Lake.uasset" 378
"../../../Engine/Content/Functions/Engine_MaterialFunctions02/Utility/BlendAngleCorrectedNormals.uasset" 379
"../../../../../../yhikishima-2/work/Unreal/Unreal-Engine/06.Paper2D/Paper2D/Content/MobileStarterContent/Textures/T_Water_M.uasset" 380
"../../../../../../yhikishima-2/work/Unreal/Unreal-Engine/06.Paper2D/Paper2D/Content/MobileStarterContent/Materials/M_Water_Ocean.uasset" 381
"../../../../../../yhikishima-2/work/Unreal/Unreal-Engine/06.Paper2D/Paper2D/Content/MobileStarterContent/Textures/T_Wood_Floor_Walnut_D.uasset" 382
"../../../../../../yhikishima-2/work/Unreal/Unreal-Engine/06.Paper2D/Paper2D/Content/MobileStarterContent/Textures/T_Wood_Floor_Walnut_M.uasset" 383
"../../../../../../yhikishima-2/work/Unreal/Unreal-Engine/06.Paper2D/Paper2D/Content/MobileStarterContent/Textures/T_Wood_Floor_Walnut_N.uasset" 384
"../../../../../../yhikishima-2/work/Unreal/Unreal-Engine/06.Paper2D/Paper2D/Content/MobileStarterContent/Materials/M_Wood_Floor_Walnut_Polished.uasset" 385
"../../../../../../yhikishima-2/work/Unreal/Unreal-Engine/06.Paper2D/Paper2D/Content/MobileStarterContent/Materials/M_Wood_Floor_Walnut_Worn.uasset" 386
"../../../../../../yhikishima-2/work/Unreal/Unreal-Engine/06.Paper2D/Paper2D/Content/MobileStarterContent/Textures/T_Wood_Oak_D.uasset" 387
"../../../../../../yhikishima-2/work/Unreal/Unreal-Engine/06.Paper2D/Paper2D/Content/MobileStarterContent/Textures/T_Wood_Oak_N.uasset" 388
"../../../../../../yhikishima-2/work/Unreal/Unreal-Engine/06.Paper2D/Paper2D/Content/MobileStarterContent/Materials/M_Wood_Oak.uasset" 389
"../../../../../../yhikishima-2/work/Unreal/Unreal-Engine/06.Paper2D/Paper2D/Content/MobileStarterContent/Textures/T_Wood_Pine_D.uasset" 390
"../../../../../../yhikishima-2/work/Unreal/Unreal-Engine/06.Paper2D/Paper2D/Content/MobileStarterContent/Textures/T_Wood_Pine_N.uasset" 391
"../../../../../../yhikishima-2/work/Unreal/Unreal-Engine/06.Paper2D/Paper2D/Content/MobileStarterContent/Materials/M_Wood_Pine.uasset" 392
"../../../../../../yhikishima-2/work/Unreal/Unreal-Engine/06.Paper2D/Paper2D/Content/MobileStarterContent/Textures/T_Wood_Walnut_D.uasset" 393
"../../../../../../yhikishima-2/work/Unreal/Unreal-Engine/06.Paper2D/Paper2D/Content/MobileStarterContent/Textures/T_Wood_Walnut_N.uasset" 394
"../../../../../../yhikishima-2/work/Unreal/Unreal-Engine/06.Paper2D/Paper2D/Content/MobileStarterContent/Materials/M_Wood_Walnut.uasset" 395
"../../../../../../yhikishima-2/work/Unreal/Unreal-Engine/06.Paper2D/Paper2D/Content/MobileStarterContent/Materials/M_Basic_Floor.uasset" 396
"../../../../../../yhikishima-2/work/Unreal/Unreal-Engine/06.Paper2D/Paper2D/Content/MobileStarterContent/Architecture/Floor_400x400.uasset" 397
"../../../../../../yhikishima-2/work/Unreal/Unreal-Engine/06.Paper2D/Paper2D/Content/MobileStarterContent/Architecture/Wall_400x200.uasset" 398
"../../../../../../yhikishima-2/work/Unreal/Unreal-Engine/06.Paper2D/Paper2D/Content/MobileStarterContent/Architecture/Wall_Door_400x300.uasset" 399
"../../../../../../yhikishima-2/work/Unreal/Unreal-Engine/06.Paper2D/Paper2D/Content/MobileStarterContent/Architecture/Wall_Window_400x300.uasset" 400
"../../../../../../yhikishima-2/work/Unreal/Unreal-Engine/06.Paper2D/Paper2D/Content/MobileStarterContent/Audio/Collapse01.uasset" 401
"../../../../../../yhikishima-2/work/Unreal/Unreal-Engine/06.Paper2D/Paper2D/Content/MobileStarterContent/Audio/Collapse02.uasset" 402
"../../../../../../yhikishima-2/work/Unreal/Unreal-Engine/06.Paper2D/Paper2D/Content/MobileStarterContent/Audio/Collapse_Cue.uasset" 403
"../../../../../../yhikishima-2/work/Unreal/Unreal-Engine/06.Paper2D/Paper2D/Content/MobileStarterContent/Audio/Starter_Birds01.uasset" 404
"../../../../../../yhikishima-2/work/Unreal/Unreal-Engine/06.Paper2D/Paper2D/Content/MobileStarterContent/Audio/Starter_Wind05.uasset" 405
"../../../../../../yhikishima-2/work/Unreal/Unreal-Engine/06.Paper2D/Paper2D/Content/MobileStarterContent/Audio/Starter_Wind06.uasset" 406
"../../../../../../yhikishima-2/work/Unreal/Unreal-Engine/06.Paper2D/Paper2D/Content/MobileStarterContent/Audio/Starter_Background_Cue.uasset" 407
"../../../../../../yhikishima-2/work/Unreal/Unreal-Engine/06.Paper2D/Paper2D/Content/MobileStarterContent/Audio/Starter_Music01.uasset" 408
"../../../../../../yhikishima-2/work/Unreal/Unreal-Engine/06.Paper2D/Paper2D/Content/MobileStarterContent/Audio/Starter_Music_Cue.uasset" 409
"../../../../../../yhikishima-2/work/Unreal/Unreal-Engine/06.Paper2D/Paper2D/Content/MobileStarterContent/Textures/T_Dust_Particle_D.uasset" 410
"../../../../../../yhikishima-2/work/Unreal/Unreal-Engine/06.Paper2D/Paper2D/Content/MobileStarterContent/Particles/Materials/M_Dust_Particle.uasset" 411
"../../../../../../yhikishima-2/work/Unreal/Unreal-Engine/06.Paper2D/Paper2D/Content/MobileStarterContent/Particles/P_Ambient_Dust.uasset" 412
"../../../../../../yhikishima-2/work/Unreal/Unreal-Engine/06.Paper2D/Paper2D/Content/MobileStarterContent/Props/MaterialSphere.uasset" 413
"../../../../../../yhikishima-2/work/Unreal/Unreal-Engine/06.Paper2D/Paper2D/Content/MobileStarterContent/Props/SM_Chair.uasset" 414
"../../../../../../yhikishima-2/work/Unreal/Unreal-Engine/06.Paper2D/Paper2D/Content/MobileStarterContent/Textures/T_Frame_M.uasset" 415
"../../../../../../yhikishima-2/work/Unreal/Unreal-Engine/06.Paper2D/Paper2D/Content/MobileStarterContent/Textures/T_Frame_N.uasset" 416
"../../../../../../yhikishima-2/work/Unreal/Unreal-Engine/06.Paper2D/Paper2D/Content/MobileStarterContent/Props/Materials/M_Frame.uasset" 417
"../../../../../../yhikishima-2/work/Unreal/Unreal-Engine/06.Paper2D/Paper2D/Content/MobileStarterContent/Props/SM_CornerFrame.uasset" 418
"../../../../../../yhikishima-2/work/Unreal/Unreal-Engine/06.Paper2D/Paper2D/Content/MobileStarterContent/Props/SM_DoorFrame.uasset" 419
"../../../../../../yhikishima-2/work/Unreal/Unreal-Engine/06.Paper2D/Paper2D/Content/MobileStarterContent/Props/SM_GlassWindow.uasset" 420
"../../../../../../yhikishima-2/work/Unreal/Unreal-Engine/06.Paper2D/Paper2D/Content/MobileStarterContent/Props/SM_PillarFrame.uasset" 421
"../../../../../../yhikishima-2/work/Unreal/Unreal-Engine/06.Paper2D/Paper2D/Content/MobileStarterContent/Props/SM_PillarFrame300.uasset" 422
"../../../../../../yhikishima-2/work/Unreal/Unreal-Engine/06.Paper2D/Paper2D/Content/MobileStarterContent/Textures/T_Statue_M.uasset" 423
"../../../../../../yhikishima-2/work/Unreal/Unreal-Engine/06.Paper2D/Paper2D/Content/MobileStarterContent/Textures/T_Statue_N.uasset" 424
"../../../../../../yhikishima-2/work/Unreal/Unreal-Engine/06.Paper2D/Paper2D/Content/MobileStarterContent/Props/Materials/M_Statue.uasset" 425
"../../../../../../yhikishima-2/work/Unreal/Unreal-Engine/06.Paper2D/Paper2D/Content/MobileStarterContent/Props/Materials/M_StatueGlass.uasset" 426
"../../../../../../yhikishima-2/work/Unreal/Unreal-Engine/06.Paper2D/Paper2D/Content/MobileStarterContent/Props/SM_Statue.uasset" 427
"../../../../../../yhikishima-2/work/Unreal/Unreal-Engine/06.Paper2D/Paper2D/Content/MobileStarterContent/Textures/T_TableRound_M.uasset" 428
"../../../../../../yhikishima-2/work/Unreal/Unreal-Engine/06.Paper2D/Paper2D/Content/MobileStarterContent/Textures/T_TableRound_N.uasset" 429
"../../../../../../yhikishima-2/work/Unreal/Unreal-Engine/06.Paper2D/Paper2D/Content/MobileStarterContent/Props/Materials/M_TableRound.uasset" 430
"../../../../../../yhikishima-2/work/Unreal/Unreal-Engine/06.Paper2D/Paper2D/Content/MobileStarterContent/Props/SM_TableRound.uasset" 431
"../../../../../../yhikishima-2/work/Unreal/Unreal-Engine/06.Paper2D/Paper2D/Content/MobileStarterContent/Props/SM_WindowFrame.uasset" 432
"../../../../../../yhikishima-2/work/Unreal/Unreal-Engine/06.Paper2D/Paper2D/Content/MobileStarterContent/Shapes/Shape_Cube.uasset" 433
"../../../../../../yhikishima-2/work/Unreal/Unreal-Engine/06.Paper2D/Paper2D/Content/MobileStarterContent/Shapes/Shape_QuadPyramid.uasset" 434
"../../../../../../yhikishima-2/work/Unreal/Unreal-Engine/06.Paper2D/Paper2D/Content/MobileStarterContent/Shapes/Shape_Sphere.uasset" 435
"../../../../../../yhikishima-2/work/Unreal/Unreal-Engine/06.Paper2D/Paper2D/Content/MobileStarterContent/Maps/StarterMap.umap" 436
"../../../../../../yhikishima-2/work/Unreal/Unreal-Engine/06.Paper2D/Paper2D/Content/MobileStarterContent/Maps/Minimal_Default_BuiltData.uasset" 437
"../../../../../../yhikishima-2/work/Unreal/Unreal-Engine/06.Paper2D/Paper2D/Content/MobileStarterContent/Maps/Minimal_Default.umap" 438
"../../../Engine/Content/Maps/Entry_BuiltData.uasset" 439
"../../../Engine/Content/Maps/Entry.umap" 440
